{"/home/travis/build/npmtest/node-npmtest-wraith/test.js":{"path":"/home/travis/build/npmtest/node-npmtest-wraith/test.js","s":{"1":2,"2":2,"3":2,"4":2,"5":2,"6":2,"7":2,"8":1,"9":2,"10":2,"11":1,"12":1,"13":1,"14":1,"15":2,"16":2,"17":2,"18":2,"19":1,"20":1,"21":2,"22":2,"23":2,"24":1,"25":1,"26":1,"27":1,"28":1,"29":1,"30":1,"31":1,"32":1,"33":1,"34":1,"35":1,"36":1,"37":1,"38":1,"39":2,"40":2,"41":1,"42":2,"43":2,"44":1,"45":2,"46":2,"47":1,"48":2,"49":2,"50":1,"51":1,"52":1,"53":1,"54":1},"b":{"1":[2,1,1,1],"2":[1,1,1,1],"3":[1,1],"4":[1,1],"5":[1,1],"6":[1,1],"7":[1,1],"8":[1,1],"9":[1,1],"10":[1,1,1],"11":[1,1],"12":[1,1],"13":[1,1],"14":[1,1],"15":[1,1],"16":[1,1],"17":[1,1]},"f":{"1":2,"2":2,"3":2,"4":2,"5":2,"6":1,"7":1,"8":1,"9":2,"10":2,"11":2,"12":2,"13":1},"fnMap":{"1":{"name":"(anonymous_1)","line":12,"loc":{"start":{"line":12,"column":1},"end":{"line":12,"column":13}}},"2":{"name":"(anonymous_2)","line":19,"loc":{"start":{"line":19,"column":5},"end":{"line":19,"column":17}}},"3":{"name":"(anonymous_3)","line":23,"loc":{"start":{"line":23,"column":24},"end":{"line":23,"column":36}}},"4":{"name":"(anonymous_4)","line":61,"loc":{"start":{"line":61,"column":5},"end":{"line":61,"column":17}}},"5":{"name":"(anonymous_5)","line":82,"loc":{"start":{"line":82,"column":5},"end":{"line":82,"column":17}}},"6":{"name":"(anonymous_6)","line":91,"loc":{"start":{"line":91,"column":77},"end":{"line":94,"column":10}}},"7":{"name":"(anonymous_7)","line":112,"loc":{"start":{"line":112,"column":83},"end":{"line":115,"column":10}},"skip":true},"8":{"name":"(anonymous_8)","line":123,"loc":{"start":{"line":123,"column":77},"end":{"line":126,"column":10}},"skip":true},"9":{"name":"(anonymous_9)","line":139,"loc":{"start":{"line":139,"column":12},"end":{"line":139,"column":40}},"skip":true},"10":{"name":"(anonymous_10)","line":147,"loc":{"start":{"line":147,"column":77},"end":{"line":150,"column":10}},"skip":true},"11":{"name":"(anonymous_11)","line":158,"loc":{"start":{"line":158,"column":83},"end":{"line":161,"column":10}},"skip":true},"12":{"name":"(anonymous_12)","line":169,"loc":{"start":{"line":169,"column":79},"end":{"line":172,"column":10}},"skip":true},"13":{"name":"(anonymous_13)","line":180,"loc":{"start":{"line":180,"column":75},"end":{"line":183,"column":10}},"skip":true}},"statementMap":{"1":{"start":{"line":12,"column":0},"end":{"line":195,"column":5}},"2":{"start":{"line":14,"column":4},"end":{"line":14,"column":14}},"3":{"start":{"line":19,"column":4},"end":{"line":56,"column":9}},"4":{"start":{"line":21,"column":8},"end":{"line":21,"column":19}},"5":{"start":{"line":23,"column":8},"end":{"line":35,"column":13}},"6":{"start":{"line":24,"column":12},"end":{"line":34,"column":13}},"7":{"start":{"line":25,"column":16},"end":{"line":28,"column":30}},"8":{"start":{"line":30,"column":16},"end":{"line":33,"column":27}},"9":{"start":{"line":37,"column":8},"end":{"line":39,"column":21}},"10":{"start":{"line":40,"column":8},"end":{"line":53,"column":9}},"11":{"start":{"line":43,"column":12},"end":{"line":46,"column":14}},"12":{"start":{"line":47,"column":12},"end":{"line":47,"column":18}},"13":{"start":{"line":50,"column":12},"end":{"line":51,"column":46}},"14":{"start":{"line":52,"column":12},"end":{"line":52,"column":18}},"15":{"start":{"line":55,"column":8},"end":{"line":55,"column":35}},"16":{"start":{"line":61,"column":4},"end":{"line":63,"column":9}},"17":{"start":{"line":62,"column":8},"end":{"line":62,"column":15}},"18":{"start":{"line":64,"column":4},"end":{"line":77,"column":5}},"19":{"start":{"line":70,"column":8},"end":{"line":70,"column":14}},"20":{"start":{"line":76,"column":8},"end":{"line":76,"column":14}},"21":{"start":{"line":82,"column":4},"end":{"line":84,"column":9}},"22":{"start":{"line":83,"column":8},"end":{"line":83,"column":15}},"23":{"start":{"line":85,"column":4},"end":{"line":194,"column":5}},"24":{"start":{"line":91,"column":8},"end":{"line":99,"column":10}},"25":{"start":{"line":98,"column":12},"end":{"line":98,"column":35}},"26":{"start":{"line":102,"column":8},"end":{"line":104,"column":63}},"27":{"start":{"line":105,"column":8},"end":{"line":105,"column":14}},"28":{"start":{"line":112,"column":8},"end":{"line":121,"column":10},"skip":true},"29":{"start":{"line":119,"column":12},"end":{"line":119,"column":55},"skip":true},"30":{"start":{"line":120,"column":12},"end":{"line":120,"column":48},"skip":true},"31":{"start":{"line":123,"column":8},"end":{"line":136,"column":10},"skip":true},"32":{"start":{"line":130,"column":12},"end":{"line":130,"column":76},"skip":true},"33":{"start":{"line":131,"column":12},"end":{"line":131,"column":73},"skip":true},"34":{"start":{"line":132,"column":12},"end":{"line":132,"column":74},"skip":true},"35":{"start":{"line":133,"column":12},"end":{"line":133,"column":79},"skip":true},"36":{"start":{"line":134,"column":12},"end":{"line":134,"column":25},"skip":true},"37":{"start":{"line":135,"column":12},"end":{"line":135,"column":45},"skip":true},"38":{"start":{"line":138,"column":8},"end":{"line":145,"column":14},"skip":true},"39":{"start":{"line":143,"column":16},"end":{"line":143,"column":29},"skip":true},"40":{"start":{"line":144,"column":16},"end":{"line":144,"column":55},"skip":true},"41":{"start":{"line":147,"column":8},"end":{"line":156,"column":10},"skip":true},"42":{"start":{"line":154,"column":12},"end":{"line":154,"column":25},"skip":true},"43":{"start":{"line":155,"column":12},"end":{"line":155,"column":45},"skip":true},"44":{"start":{"line":158,"column":8},"end":{"line":167,"column":10},"skip":true},"45":{"start":{"line":165,"column":12},"end":{"line":165,"column":25},"skip":true},"46":{"start":{"line":166,"column":12},"end":{"line":166,"column":48},"skip":true},"47":{"start":{"line":169,"column":8},"end":{"line":178,"column":10},"skip":true},"48":{"start":{"line":176,"column":12},"end":{"line":176,"column":25},"skip":true},"49":{"start":{"line":177,"column":12},"end":{"line":177,"column":46},"skip":true},"50":{"start":{"line":180,"column":8},"end":{"line":189,"column":10},"skip":true},"51":{"start":{"line":187,"column":12},"end":{"line":187,"column":94},"skip":true},"52":{"start":{"line":188,"column":12},"end":{"line":188,"column":48},"skip":true},"53":{"start":{"line":192,"column":8},"end":{"line":192,"column":35},"skip":true},"54":{"start":{"line":193,"column":8},"end":{"line":193,"column":14},"skip":true}},"branchMap":{"1":{"line":25,"type":"binary-expr","locations":[{"start":{"line":25,"column":23},"end":{"line":25,"column":62}},{"start":{"line":26,"column":20},"end":{"line":26,"column":70}},{"start":{"line":27,"column":20},"end":{"line":27,"column":71}},{"start":{"line":28,"column":20},"end":{"line":28,"column":29}}]},"2":{"line":30,"type":"binary-expr","locations":[{"start":{"line":30,"column":23},"end":{"line":30,"column":37}},{"start":{"line":31,"column":20},"end":{"line":31,"column":61}},{"start":{"line":32,"column":20},"end":{"line":32,"column":70}},{"start":{"line":33,"column":20},"end":{"line":33,"column":26}}]},"3":{"line":37,"type":"cond-expr","locations":[{"start":{"line":38,"column":14},"end":{"line":38,"column":20}},{"start":{"line":39,"column":14},"end":{"line":39,"column":20}}]},"4":{"line":40,"type":"switch","locations":[{"start":{"line":42,"column":8},"end":{"line":47,"column":18}},{"start":{"line":49,"column":8},"end":{"line":52,"column":18}}]},"5":{"line":44,"type":"binary-expr","locations":[{"start":{"line":44,"column":16},"end":{"line":44,"column":44}},{"start":{"line":44,"column":48},"end":{"line":44,"column":66}}]},"6":{"line":50,"type":"binary-expr","locations":[{"start":{"line":50,"column":21},"end":{"line":50,"column":49}},{"start":{"line":50,"column":53},"end":{"line":50,"column":72}}]},"7":{"line":64,"type":"switch","locations":[{"start":{"line":69,"column":4},"end":{"line":70,"column":14}},{"start":{"line":75,"column":4},"end":{"line":76,"column":14}}]},"8":{"line":85,"type":"switch","locations":[{"start":{"line":90,"column":4},"end":{"line":105,"column":14}},{"start":{"line":111,"column":4},"end":{"line":193,"column":14},"skip":true}]},"9":{"line":91,"type":"binary-expr","locations":[{"start":{"line":91,"column":42},"end":{"line":91,"column":73}},{"start":{"line":91,"column":77},"end":{"line":99,"column":9}}]},"10":{"line":102,"type":"binary-expr","locations":[{"start":{"line":102,"column":18},"end":{"line":102,"column":32}},{"start":{"line":103,"column":12},"end":{"line":103,"column":53}},{"start":{"line":104,"column":12},"end":{"line":104,"column":61}}]},"11":{"line":112,"type":"binary-expr","locations":[{"start":{"line":112,"column":45},"end":{"line":112,"column":79},"skip":true},{"start":{"line":112,"column":83},"end":{"line":121,"column":9},"skip":true}]},"12":{"line":123,"type":"binary-expr","locations":[{"start":{"line":123,"column":42},"end":{"line":123,"column":73},"skip":true},{"start":{"line":123,"column":77},"end":{"line":136,"column":9},"skip":true}]},"13":{"line":138,"type":"binary-expr","locations":[{"start":{"line":138,"column":48},"end":{"line":138,"column":85},"skip":true},{"start":{"line":139,"column":12},"end":{"line":145,"column":13},"skip":true}]},"14":{"line":147,"type":"binary-expr","locations":[{"start":{"line":147,"column":42},"end":{"line":147,"column":73},"skip":true},{"start":{"line":147,"column":77},"end":{"line":156,"column":9},"skip":true}]},"15":{"line":158,"type":"binary-expr","locations":[{"start":{"line":158,"column":45},"end":{"line":158,"column":79},"skip":true},{"start":{"line":158,"column":83},"end":{"line":167,"column":9},"skip":true}]},"16":{"line":169,"type":"binary-expr","locations":[{"start":{"line":169,"column":43},"end":{"line":169,"column":75},"skip":true},{"start":{"line":169,"column":79},"end":{"line":178,"column":9},"skip":true}]},"17":{"line":180,"type":"binary-expr","locations":[{"start":{"line":180,"column":41},"end":{"line":180,"column":71},"skip":true},{"start":{"line":180,"column":75},"end":{"line":189,"column":9},"skip":true}]}},"code":["/* istanbul instrument in package npmtest_wraith */","/*jslint","    bitwise: true,","    browser: true,","    maxerr: 8,","    maxlen: 96,","    node: true,","    nomen: true,","    regexp: true,","    stupid: true","*/","(function () {","    'use strict';","    var local;","","","","    // run shared js-env code - pre-init","    (function () {","        // init local","        local = {};","        // init modeJs","        local.modeJs = (function () {","            try {","                return typeof navigator.userAgent === 'string' &&","                    typeof document.querySelector('body') === 'object' &&","                    typeof XMLHttpRequest.prototype.open === 'function' &&","                    'browser';","            } catch (errorCaughtBrowser) {","                return module.exports &&","                    typeof process.versions.node === 'string' &&","                    typeof require('http').createServer === 'function' &&","                    'node';","            }","        }());","        // init global","        local.global = local.modeJs === 'browser'","            ? window","            : global;","        switch (local.modeJs) {","        // re-init local from window.local","        case 'browser':","            local = local.global.utility2.objectSetDefault(","                local.global.utility2_rollup || local.global.local,","                local.global.utility2","            );","            break;","        // re-init local from example.js","        case 'node':","            local = (local.global.utility2_rollup || require('utility2'))","                .requireExampleJsFromReadme();","            break;","        }","        // export local","        local.global.local = local;","    }());","","","","    // run shared js-env code - function","    (function () {","        return;","    }());","    switch (local.modeJs) {","","","","    // run browser js-env code - function","    case 'browser':","        break;","","","","    // run node js-env code - function","    case 'node':","        break;","    }","","","","    // run shared js-env code - post-init","    (function () {","        return;","    }());","    switch (local.modeJs) {","","","","    // run browser js-env code - post-init","    case 'browser':","        local.testCase_browser_nullCase = local.testCase_browser_nullCase || function (","            options,","            onError","        ) {","        /*","         * this function will test browsers's null-case handling-behavior-behavior","         */","            onError(null, options);","        };","","        // run tests","        local.nop(local.modeTest &&","            document.querySelector('#testRunButton1') &&","            document.querySelector('#testRunButton1').click());","        break;","","","","    // run node js-env code - post-init","    /* istanbul ignore next */","    case 'node':","        local.testCase_buildApidoc_default = local.testCase_buildApidoc_default || function (","            options,","            onError","        ) {","        /*","         * this function will test buildApidoc's default handling-behavior-behavior","         */","            options = { modulePathList: module.paths };","            local.buildApidoc(options, onError);","        };","","        local.testCase_buildApp_default = local.testCase_buildApp_default || function (","            options,","            onError","        ) {","        /*","         * this function will test buildApp's default handling-behavior-behavior","         */","            local.testCase_buildReadme_default(options, local.onErrorThrow);","            local.testCase_buildLib_default(options, local.onErrorThrow);","            local.testCase_buildTest_default(options, local.onErrorThrow);","            local.testCase_buildCustomOrg_default(options, local.onErrorThrow);","            options = [];","            local.buildApp(options, onError);","        };","","        local.testCase_buildCustomOrg_default = local.testCase_buildCustomOrg_default ||","            function (options, onError) {","            /*","             * this function will test buildCustomOrg's default handling-behavior","             */","                options = {};","                local.buildCustomOrg(options, onError);","            };","","        local.testCase_buildLib_default = local.testCase_buildLib_default || function (","            options,","            onError","        ) {","        /*","         * this function will test buildLib's default handling-behavior","         */","            options = {};","            local.buildLib(options, onError);","        };","","        local.testCase_buildReadme_default = local.testCase_buildReadme_default || function (","            options,","            onError","        ) {","        /*","         * this function will test buildReadme's default handling-behavior-behavior","         */","            options = {};","            local.buildReadme(options, onError);","        };","","        local.testCase_buildTest_default = local.testCase_buildTest_default || function (","            options,","            onError","        ) {","        /*","         * this function will test buildTest's default handling-behavior","         */","            options = {};","            local.buildTest(options, onError);","        };","","        local.testCase_webpage_default = local.testCase_webpage_default || function (","            options,","            onError","        ) {","        /*","         * this function will test webpage's default handling-behavior","         */","            options = { modeCoverageMerge: true, url: local.serverLocalHost + '?modeTest=1' };","            local.browserTest(options, onError);","        };","","        // run test-server","        local.testRunServer(local);","        break;","    }","}());",""],"l":{"12":2,"14":2,"19":2,"21":2,"23":2,"24":2,"25":2,"30":1,"37":2,"40":2,"43":1,"47":1,"50":1,"52":1,"55":2,"61":2,"62":2,"64":2,"70":1,"76":1,"82":2,"83":2,"85":2,"91":1,"98":1,"102":1,"105":1,"112":1,"119":1,"120":1,"123":1,"130":1,"131":1,"132":1,"133":1,"134":1,"135":1,"138":1,"143":2,"144":2,"147":1,"154":2,"155":2,"158":1,"165":2,"166":2,"169":1,"176":2,"177":2,"180":1,"187":1,"188":1,"192":1,"193":1}},"/home/travis/build/npmtest/node-npmtest-wraith/lib.npmtest_wraith.js":{"path":"/home/travis/build/npmtest/node-npmtest-wraith/lib.npmtest_wraith.js","s":{"1":2,"2":2,"3":2,"4":2,"5":2,"6":2,"7":2,"8":1,"9":2,"10":2,"11":2,"12":2,"13":1,"14":1,"15":1,"16":1},"b":{"1":[2,1,1,1],"2":[1,1,1,1],"3":[1,1],"4":[2,2],"5":[1,1]},"f":{"1":2,"2":2,"3":2},"fnMap":{"1":{"name":"(anonymous_1)","line":12,"loc":{"start":{"line":12,"column":1},"end":{"line":12,"column":13}}},"2":{"name":"(anonymous_2)","line":19,"loc":{"start":{"line":19,"column":5},"end":{"line":19,"column":17}}},"3":{"name":"(anonymous_3)","line":23,"loc":{"start":{"line":23,"column":24},"end":{"line":23,"column":36}}}},"statementMap":{"1":{"start":{"line":12,"column":0},"end":{"line":53,"column":5}},"2":{"start":{"line":14,"column":4},"end":{"line":14,"column":14}},"3":{"start":{"line":19,"column":4},"end":{"line":52,"column":9}},"4":{"start":{"line":21,"column":8},"end":{"line":21,"column":19}},"5":{"start":{"line":23,"column":8},"end":{"line":35,"column":13}},"6":{"start":{"line":24,"column":12},"end":{"line":34,"column":13}},"7":{"start":{"line":25,"column":16},"end":{"line":28,"column":30}},"8":{"start":{"line":30,"column":16},"end":{"line":33,"column":27}},"9":{"start":{"line":37,"column":8},"end":{"line":39,"column":21}},"10":{"start":{"line":41,"column":8},"end":{"line":41,"column":54}},"11":{"start":{"line":43,"column":8},"end":{"line":43,"column":51}},"12":{"start":{"line":45,"column":8},"end":{"line":51,"column":9}},"13":{"start":{"line":46,"column":12},"end":{"line":46,"column":57}},"14":{"start":{"line":48,"column":12},"end":{"line":48,"column":35}},"15":{"start":{"line":49,"column":12},"end":{"line":49,"column":49}},"16":{"start":{"line":50,"column":12},"end":{"line":50,"column":43}}},"branchMap":{"1":{"line":25,"type":"binary-expr","locations":[{"start":{"line":25,"column":23},"end":{"line":25,"column":62}},{"start":{"line":26,"column":20},"end":{"line":26,"column":70}},{"start":{"line":27,"column":20},"end":{"line":27,"column":71}},{"start":{"line":28,"column":20},"end":{"line":28,"column":29}}]},"2":{"line":30,"type":"binary-expr","locations":[{"start":{"line":30,"column":23},"end":{"line":30,"column":37}},{"start":{"line":31,"column":20},"end":{"line":31,"column":61}},{"start":{"line":32,"column":20},"end":{"line":32,"column":70}},{"start":{"line":33,"column":20},"end":{"line":33,"column":26}}]},"3":{"line":37,"type":"cond-expr","locations":[{"start":{"line":38,"column":14},"end":{"line":38,"column":20}},{"start":{"line":39,"column":14},"end":{"line":39,"column":20}}]},"4":{"line":41,"type":"binary-expr","locations":[{"start":{"line":41,"column":16},"end":{"line":41,"column":44}},{"start":{"line":41,"column":48},"end":{"line":41,"column":53}}]},"5":{"line":45,"type":"if","locations":[{"start":{"line":45,"column":8},"end":{"line":45,"column":8}},{"start":{"line":45,"column":8},"end":{"line":45,"column":8}}]}},"code":["/* istanbul instrument in package npmtest_wraith */","/*jslint","    bitwise: true,","    browser: true,","    maxerr: 8,","    maxlen: 96,","    node: true,","    nomen: true,","    regexp: true,","    stupid: true","*/","(function () {","    'use strict';","    var local;","","","","    // run shared js-env code - pre-init","    (function () {","        // init local","        local = {};","        // init modeJs","        local.modeJs = (function () {","            try {","                return typeof navigator.userAgent === 'string' &&","                    typeof document.querySelector('body') === 'object' &&","                    typeof XMLHttpRequest.prototype.open === 'function' &&","                    'browser';","            } catch (errorCaughtBrowser) {","                return module.exports &&","                    typeof process.versions.node === 'string' &&","                    typeof require('http').createServer === 'function' &&","                    'node';","            }","        }());","        // init global","        local.global = local.modeJs === 'browser'","            ? window","            : global;","        // init utility2_rollup","        local = local.global.utility2_rollup || local;","        // init lib","        local.local = local.npmtest_wraith = local;","        // init exports","        if (local.modeJs === 'browser') {","            local.global.utility2_npmtest_wraith = local;","        } else {","            module.exports = local;","            module.exports.__dirname = __dirname;","            module.exports.module = module;","        }","    }());","}());",""],"l":{"12":2,"14":2,"19":2,"21":2,"23":2,"24":2,"25":2,"30":1,"37":2,"41":2,"43":2,"45":2,"46":1,"48":1,"49":1,"50":1}},"/home/travis/build/npmtest/node-npmtest-wraith/example.js":{"path":"/home/travis/build/npmtest/node-npmtest-wraith/example.js","s":{"1":2,"2":2,"3":2,"4":2,"5":2,"6":2,"7":2,"8":1,"9":2,"10":2,"11":2,"12":2,"13":1,"14":2,"15":2,"16":2,"17":2,"18":2,"19":0,"20":2,"21":1,"22":1,"23":1,"24":1,"25":1,"26":0,"27":0,"28":1,"29":1,"30":2,"31":0,"32":0,"33":0,"34":1,"35":2,"36":2,"37":3,"38":3,"39":3,"40":3,"41":0,"42":3,"43":3,"44":3,"45":1,"46":3,"47":1,"48":1,"49":1,"50":1,"51":1,"52":1,"53":1,"54":1,"55":1,"56":1,"57":0,"58":1,"59":6,"60":6,"61":1,"62":2,"63":0,"64":2,"65":1,"66":1,"67":0,"68":0,"69":0,"70":0,"71":0,"72":0,"73":0,"74":0,"75":0,"76":0,"77":0,"78":0,"79":0,"80":0,"81":0,"82":0,"83":0},"b":{"1":[2,1,1,1],"2":[1,1,1,1],"3":[1,1],"4":[2,2],"5":[1,1],"6":[1,1],"7":[2,0],"8":[2,1,1,1,1,1],"9":[0,2,0],"10":[1,1],"11":[2,1,1],"12":[1,0],"13":[0,2],"14":[2,0,0,0,0,0,0],"15":[0,3],"16":[3,0],"17":[1,1],"18":[0,1],"19":[1,2,0,2],"20":[1,0],"21":[1,1],"22":[0,0],"23":[0,0],"24":[0,0],"25":[0,0],"26":[0,0],"27":[0,0],"28":[0,0]},"f":{"1":2,"2":2,"3":2,"4":2,"5":2,"6":2,"7":3,"8":3,"9":3,"10":1,"11":6,"12":0},"fnMap":{"1":{"name":"(anonymous_1)","line":26,"loc":{"start":{"line":26,"column":1},"end":{"line":26,"column":13}}},"2":{"name":"(anonymous_2)","line":33,"loc":{"start":{"line":33,"column":5},"end":{"line":33,"column":17}}},"3":{"name":"(anonymous_3)","line":37,"loc":{"start":{"line":37,"column":24},"end":{"line":37,"column":36}}},"4":{"name":"(anonymous_4)","line":69,"loc":{"start":{"line":69,"column":31},"end":{"line":69,"column":48}},"skip":true},"5":{"name":"(anonymous_5)","line":78,"loc":{"start":{"line":78,"column":26},"end":{"line":78,"column":45}},"skip":true},"6":{"name":"(anonymous_6)","line":123,"loc":{"start":{"line":123,"column":33},"end":{"line":123,"column":48}},"skip":true},"7":{"name":"(anonymous_7)","line":125,"loc":{"start":{"line":125,"column":27},"end":{"line":125,"column":39}},"skip":true},"8":{"name":"(anonymous_8)","line":133,"loc":{"start":{"line":133,"column":59},"end":{"line":133,"column":74}},"skip":true},"9":{"name":"(anonymous_9)","line":143,"loc":{"start":{"line":143,"column":45},"end":{"line":143,"column":62}},"skip":true},"10":{"name":"(anonymous_10)","line":144,"loc":{"start":{"line":144,"column":73},"end":{"line":144,"column":92}},"skip":true},"11":{"name":"(anonymous_11)","line":272,"loc":{"start":{"line":272,"column":51},"end":{"line":272,"column":77}},"skip":true},"12":{"name":"(anonymous_12)","line":314,"loc":{"start":{"line":314,"column":32},"end":{"line":314,"column":61}},"skip":true}},"statementMap":{"1":{"start":{"line":26,"column":0},"end":{"line":325,"column":5}},"2":{"start":{"line":28,"column":4},"end":{"line":28,"column":14}},"3":{"start":{"line":33,"column":4},"end":{"line":60,"column":9}},"4":{"start":{"line":35,"column":8},"end":{"line":35,"column":19}},"5":{"start":{"line":37,"column":8},"end":{"line":49,"column":13}},"6":{"start":{"line":38,"column":12},"end":{"line":48,"column":13}},"7":{"start":{"line":39,"column":16},"end":{"line":42,"column":30}},"8":{"start":{"line":44,"column":16},"end":{"line":47,"column":27}},"9":{"start":{"line":51,"column":8},"end":{"line":53,"column":21}},"10":{"start":{"line":55,"column":8},"end":{"line":57,"column":45}},"11":{"start":{"line":59,"column":8},"end":{"line":59,"column":35}},"12":{"start":{"line":61,"column":4},"end":{"line":324,"column":5}},"13":{"start":{"line":69,"column":8},"end":{"line":121,"column":10},"skip":true},"14":{"start":{"line":70,"column":12},"end":{"line":88,"column":13},"skip":true},"15":{"start":{"line":76,"column":16},"end":{"line":87,"column":19},"skip":true},"16":{"start":{"line":79,"column":20},"end":{"line":86,"column":21},"skip":true},"17":{"start":{"line":82,"column":24},"end":{"line":82,"column":43},"skip":true},"18":{"start":{"line":83,"column":24},"end":{"line":83,"column":30},"skip":true},"19":{"start":{"line":85,"column":24},"end":{"line":85,"column":49},"skip":true},"20":{"start":{"line":89,"column":12},"end":{"line":107,"column":13},"skip":true},"21":{"start":{"line":92,"column":16},"end":{"line":102,"column":17},"skip":true},"22":{"start":{"line":93,"column":20},"end":{"line":93,"column":86},"skip":true},"23":{"start":{"line":94,"column":20},"end":{"line":95,"column":45},"skip":true},"24":{"start":{"line":96,"column":20},"end":{"line":96,"column":42},"skip":true},"25":{"start":{"line":97,"column":20},"end":{"line":97,"column":48},"skip":true},"26":{"start":{"line":100,"column":20},"end":{"line":100,"column":85},"skip":true},"27":{"start":{"line":101,"column":20},"end":{"line":101,"column":96},"skip":true},"28":{"start":{"line":103,"column":16},"end":{"line":103,"column":22},"skip":true},"29":{"start":{"line":106,"column":16},"end":{"line":106,"column":22},"skip":true},"30":{"start":{"line":108,"column":12},"end":{"line":120,"column":13},"skip":true},"31":{"start":{"line":114,"column":16},"end":{"line":119,"column":17},"skip":true},"32":{"start":{"line":116,"column":20},"end":{"line":116,"column":78},"skip":true},"33":{"start":{"line":118,"column":20},"end":{"line":118,"column":47},"skip":true},"34":{"start":{"line":123,"column":8},"end":{"line":141,"column":11},"skip":true},"35":{"start":{"line":124,"column":12},"end":{"line":124,"column":54},"skip":true},"36":{"start":{"line":125,"column":12},"end":{"line":140,"column":14},"skip":true},"37":{"start":{"line":126,"column":16},"end":{"line":126,"column":28},"skip":true},"38":{"start":{"line":127,"column":16},"end":{"line":127,"column":69},"skip":true},"39":{"start":{"line":128,"column":16},"end":{"line":128,"column":75},"skip":true},"40":{"start":{"line":129,"column":16},"end":{"line":131,"column":17},"skip":true},"41":{"start":{"line":130,"column":20},"end":{"line":130,"column":27},"skip":true},"42":{"start":{"line":133,"column":16},"end":{"line":137,"column":36},"skip":true},"43":{"start":{"line":134,"column":20},"end":{"line":136,"column":55},"skip":true},"44":{"start":{"line":139,"column":16},"end":{"line":139,"column":57},"skip":true},"45":{"start":{"line":143,"column":8},"end":{"line":147,"column":11},"skip":true},"46":{"start":{"line":144,"column":12},"end":{"line":146,"column":15},"skip":true},"47":{"start":{"line":145,"column":16},"end":{"line":145,"column":70},"skip":true},"48":{"start":{"line":149,"column":8},"end":{"line":149,"column":31},"skip":true},"49":{"start":{"line":150,"column":8},"end":{"line":150,"column":14},"skip":true},"50":{"start":{"line":158,"column":8},"end":{"line":158,"column":31},"skip":true},"51":{"start":{"line":160,"column":8},"end":{"line":160,"column":33},"skip":true},"52":{"start":{"line":161,"column":8},"end":{"line":161,"column":37},"skip":true},"53":{"start":{"line":162,"column":8},"end":{"line":162,"column":35},"skip":true},"54":{"start":{"line":164,"column":8},"end":{"line":164,"column":50},"skip":true},"55":{"start":{"line":166,"column":8},"end":{"line":256,"column":2},"skip":true},"56":{"start":{"line":258,"column":8},"end":{"line":286,"column":9},"skip":true},"57":{"start":{"line":259,"column":12},"end":{"line":269,"column":14},"skip":true},"58":{"start":{"line":271,"column":12},"end":{"line":285,"column":19},"skip":true},"59":{"start":{"line":274,"column":20},"end":{"line":274,"column":35},"skip":true},"60":{"start":{"line":275,"column":20},"end":{"line":284,"column":21},"skip":true},"61":{"start":{"line":277,"column":24},"end":{"line":277,"column":64},"skip":true},"62":{"start":{"line":279,"column":24},"end":{"line":279,"column":40},"skip":true},"63":{"start":{"line":281,"column":24},"end":{"line":281,"column":40},"skip":true},"64":{"start":{"line":283,"column":24},"end":{"line":283,"column":39},"skip":true},"65":{"start":{"line":288,"column":8},"end":{"line":290,"column":9},"skip":true},"66":{"start":{"line":289,"column":12},"end":{"line":289,"column":18},"skip":true},"67":{"start":{"line":291,"column":8},"end":{"line":293,"column":54},"skip":true},"68":{"start":{"line":294,"column":8},"end":{"line":301,"column":37},"skip":true},"69":{"start":{"line":302,"column":8},"end":{"line":302,"column":82},"skip":true},"70":{"start":{"line":305,"column":8},"end":{"line":307,"column":9},"skip":true},"71":{"start":{"line":306,"column":12},"end":{"line":306,"column":82},"skip":true},"72":{"start":{"line":309,"column":8},"end":{"line":311,"column":9},"skip":true},"73":{"start":{"line":310,"column":12},"end":{"line":310,"column":18},"skip":true},"74":{"start":{"line":312,"column":8},"end":{"line":312,"column":54},"skip":true},"75":{"start":{"line":313,"column":8},"end":{"line":313,"column":69},"skip":true},"76":{"start":{"line":314,"column":8},"end":{"line":322,"column":36},"skip":true},"77":{"start":{"line":315,"column":12},"end":{"line":315,"column":61},"skip":true},"78":{"start":{"line":316,"column":12},"end":{"line":319,"column":13},"skip":true},"79":{"start":{"line":317,"column":16},"end":{"line":317,"column":75},"skip":true},"80":{"start":{"line":318,"column":16},"end":{"line":318,"column":23},"skip":true},"81":{"start":{"line":320,"column":12},"end":{"line":320,"column":38},"skip":true},"82":{"start":{"line":321,"column":12},"end":{"line":321,"column":27},"skip":true},"83":{"start":{"line":323,"column":8},"end":{"line":323,"column":14},"skip":true}},"branchMap":{"1":{"line":39,"type":"binary-expr","locations":[{"start":{"line":39,"column":23},"end":{"line":39,"column":62}},{"start":{"line":40,"column":20},"end":{"line":40,"column":70}},{"start":{"line":41,"column":20},"end":{"line":41,"column":71}},{"start":{"line":42,"column":20},"end":{"line":42,"column":29}}]},"2":{"line":44,"type":"binary-expr","locations":[{"start":{"line":44,"column":23},"end":{"line":44,"column":37}},{"start":{"line":45,"column":20},"end":{"line":45,"column":61}},{"start":{"line":46,"column":20},"end":{"line":46,"column":70}},{"start":{"line":47,"column":20},"end":{"line":47,"column":26}}]},"3":{"line":51,"type":"cond-expr","locations":[{"start":{"line":52,"column":14},"end":{"line":52,"column":20}},{"start":{"line":53,"column":14},"end":{"line":53,"column":20}}]},"4":{"line":55,"type":"binary-expr","locations":[{"start":{"line":55,"column":16},"end":{"line":55,"column":44}},{"start":{"line":55,"column":49},"end":{"line":57,"column":43}}]},"5":{"line":55,"type":"cond-expr","locations":[{"start":{"line":56,"column":14},"end":{"line":56,"column":50}},{"start":{"line":57,"column":14},"end":{"line":57,"column":43}}]},"6":{"line":61,"type":"switch","locations":[{"start":{"line":68,"column":4},"end":{"line":150,"column":14},"skip":true},{"start":{"line":156,"column":4},"end":{"line":323,"column":14},"skip":true}]},"7":{"line":70,"type":"if","locations":[{"start":{"line":70,"column":12},"end":{"line":70,"column":12},"skip":true},{"start":{"line":70,"column":12},"end":{"line":70,"column":12},"skip":true}]},"8":{"line":70,"type":"binary-expr","locations":[{"start":{"line":70,"column":16},"end":{"line":70,"column":22},"skip":true},{"start":{"line":70,"column":27},"end":{"line":70,"column":32},"skip":true},{"start":{"line":71,"column":20},"end":{"line":71,"column":39},"skip":true},{"start":{"line":72,"column":20},"end":{"line":72,"column":49},"skip":true},{"start":{"line":73,"column":20},"end":{"line":73,"column":58},"skip":true},{"start":{"line":74,"column":20},"end":{"line":74,"column":69},"skip":true}]},"9":{"line":79,"type":"switch","locations":[{"start":{"line":80,"column":20},"end":{"line":80,"column":33},"skip":true},{"start":{"line":81,"column":20},"end":{"line":83,"column":30},"skip":true},{"start":{"line":84,"column":20},"end":{"line":85,"column":49},"skip":true}]},"10":{"line":89,"type":"switch","locations":[{"start":{"line":90,"column":12},"end":{"line":103,"column":22},"skip":true},{"start":{"line":105,"column":12},"end":{"line":106,"column":22},"skip":true}]},"11":{"line":89,"type":"binary-expr","locations":[{"start":{"line":89,"column":20},"end":{"line":89,"column":25},"skip":true},{"start":{"line":89,"column":29},"end":{"line":89,"column":48},"skip":true},{"start":{"line":89,"column":52},"end":{"line":89,"column":74},"skip":true}]},"12":{"line":92,"type":"if","locations":[{"start":{"line":92,"column":16},"end":{"line":92,"column":16},"skip":true},{"start":{"line":92,"column":16},"end":{"line":92,"column":16},"skip":true}]},"13":{"line":108,"type":"if","locations":[{"start":{"line":108,"column":12},"end":{"line":108,"column":12},"skip":true},{"start":{"line":108,"column":12},"end":{"line":108,"column":12},"skip":true}]},"14":{"line":108,"type":"binary-expr","locations":[{"start":{"line":108,"column":16},"end":{"line":108,"column":61},"skip":true},{"start":{"line":108,"column":66},"end":{"line":108,"column":72},"skip":true},{"start":{"line":108,"column":77},"end":{"line":108,"column":82},"skip":true},{"start":{"line":109,"column":20},"end":{"line":109,"column":39},"skip":true},{"start":{"line":110,"column":20},"end":{"line":110,"column":49},"skip":true},{"start":{"line":111,"column":20},"end":{"line":111,"column":58},"skip":true},{"start":{"line":112,"column":20},"end":{"line":112,"column":68},"skip":true}]},"15":{"line":129,"type":"if","locations":[{"start":{"line":129,"column":16},"end":{"line":129,"column":16},"skip":true},{"start":{"line":129,"column":16},"end":{"line":129,"column":16},"skip":true}]},"16":{"line":134,"type":"cond-expr","locations":[{"start":{"line":135,"column":26},"end":{"line":135,"column":29},"skip":true},{"start":{"line":136,"column":26},"end":{"line":136,"column":54},"skip":true}]},"17":{"line":164,"type":"binary-expr","locations":[{"start":{"line":164,"column":27},"end":{"line":164,"column":43},"skip":true},{"start":{"line":164,"column":47},"end":{"line":164,"column":49},"skip":true}]},"18":{"line":258,"type":"if","locations":[{"start":{"line":258,"column":8},"end":{"line":258,"column":8},"skip":true},{"start":{"line":258,"column":8},"end":{"line":258,"column":8},"skip":true}]},"19":{"line":275,"type":"switch","locations":[{"start":{"line":276,"column":20},"end":{"line":277,"column":64},"skip":true},{"start":{"line":278,"column":20},"end":{"line":279,"column":40},"skip":true},{"start":{"line":280,"column":20},"end":{"line":281,"column":40},"skip":true},{"start":{"line":282,"column":20},"end":{"line":283,"column":39},"skip":true}]},"20":{"line":288,"type":"if","locations":[{"start":{"line":288,"column":8},"end":{"line":288,"column":8},"skip":true},{"start":{"line":288,"column":8},"end":{"line":288,"column":8},"skip":true}]},"21":{"line":288,"type":"binary-expr","locations":[{"start":{"line":288,"column":12},"end":{"line":288,"column":40},"skip":true},{"start":{"line":288,"column":44},"end":{"line":288,"column":67},"skip":true}]},"22":{"line":292,"type":"binary-expr","locations":[{"start":{"line":292,"column":12},"end":{"line":292,"column":50},"skip":true},{"start":{"line":293,"column":12},"end":{"line":293,"column":53},"skip":true}]},"23":{"line":295,"type":"binary-expr","locations":[{"start":{"line":295,"column":12},"end":{"line":295,"column":64},"skip":true},{"start":{"line":296,"column":12},"end":{"line":301,"column":36},"skip":true}]},"24":{"line":302,"type":"binary-expr","locations":[{"start":{"line":302,"column":43},"end":{"line":302,"column":75},"skip":true},{"start":{"line":302,"column":79},"end":{"line":302,"column":81},"skip":true}]},"25":{"line":305,"type":"if","locations":[{"start":{"line":305,"column":8},"end":{"line":305,"column":8},"skip":true},{"start":{"line":305,"column":8},"end":{"line":305,"column":8},"skip":true}]},"26":{"line":309,"type":"if","locations":[{"start":{"line":309,"column":8},"end":{"line":309,"column":8},"skip":true},{"start":{"line":309,"column":8},"end":{"line":309,"column":8},"skip":true}]},"27":{"line":312,"type":"binary-expr","locations":[{"start":{"line":312,"column":27},"end":{"line":312,"column":43},"skip":true},{"start":{"line":312,"column":47},"end":{"line":312,"column":53},"skip":true}]},"28":{"line":316,"type":"if","locations":[{"start":{"line":316,"column":12},"end":{"line":316,"column":12},"skip":true},{"start":{"line":316,"column":12},"end":{"line":316,"column":12},"skip":true}]}},"code":["/*","example.js","","quickstart example","","instruction","    1. save this script as example.js","    2. run the shell command:","        $ npm install npmtest-wraith && PORT=8081 node example.js","    3. play with the browser-demo on http://127.0.0.1:8081","*/","","","","/* istanbul instrument in package npmtest_wraith */","/*jslint","    bitwise: true,","    browser: true,","    maxerr: 8,","    maxlen: 96,","    node: true,","    nomen: true,","    regexp: true,","    stupid: true","*/","(function () {","    'use strict';","    var local;","","","","    // run shared js-env code - pre-init","    (function () {","        // init local","        local = {};","        // init modeJs","        local.modeJs = (function () {","            try {","                return typeof navigator.userAgent === 'string' &&","                    typeof document.querySelector('body') === 'object' &&","                    typeof XMLHttpRequest.prototype.open === 'function' &&","                    'browser';","            } catch (errorCaughtBrowser) {","                return module.exports &&","                    typeof process.versions.node === 'string' &&","                    typeof require('http').createServer === 'function' &&","                    'node';","            }","        }());","        // init global","        local.global = local.modeJs === 'browser'","            ? window","            : global;","        // init utility2_rollup","        local = local.global.utility2_rollup || (local.modeJs === 'browser'","            ? local.global.utility2_npmtest_wraith","            : global.utility2_moduleExports);","        // export local","        local.global.local = local;","    }());","    switch (local.modeJs) {","","","","    // post-init","    // run browser js-env code - post-init","    /* istanbul ignore next */","    case 'browser':","        local.testRunBrowser = function (event) {","            if (!event || (event &&","                    event.currentTarget &&","                    event.currentTarget.className &&","                    event.currentTarget.className.includes &&","                    event.currentTarget.className.includes('onreset'))) {","                // reset output","                Array.from(","                    document.querySelectorAll('body > .resettable')","                ).forEach(function (element) {","                    switch (element.tagName) {","                    case 'INPUT':","                    case 'TEXTAREA':","                        element.value = '';","                        break;","                    default:","                        element.textContent = '';","                    }","                });","            }","            switch (event && event.currentTarget && event.currentTarget.id) {","            case 'testRunButton1':","                // show tests","                if (document.querySelector('#testReportDiv1').style.display === 'none') {","                    document.querySelector('#testReportDiv1').style.display = 'block';","                    document.querySelector('#testRunButton1').textContent =","                        'hide internal test';","                    local.modeTest = true;","                    local.testRunDefault(local);","                // hide tests","                } else {","                    document.querySelector('#testReportDiv1').style.display = 'none';","                    document.querySelector('#testRunButton1').textContent = 'run internal test';","                }","                break;","            // custom-case","            default:","                break;","            }","            if (document.querySelector('#inputTextareaEval1') && (!event || (event &&","                    event.currentTarget &&","                    event.currentTarget.className &&","                    event.currentTarget.className.includes &&","                    event.currentTarget.className.includes('oneval')))) {","                // try to eval input-code","                try {","                    /*jslint evil: true*/","                    eval(document.querySelector('#inputTextareaEval1').value);","                } catch (errorCaught) {","                    console.error(errorCaught);","                }","            }","        };","        // log stderr and stdout to #outputTextareaStdout1","        ['error', 'log'].forEach(function (key) {","            console[key + '_original'] = console[key];","            console[key] = function () {","                var element;","                console[key + '_original'].apply(console, arguments);","                element = document.querySelector('#outputTextareaStdout1');","                if (!element) {","                    return;","                }","                // append text to #outputTextareaStdout1","                element.value += Array.from(arguments).map(function (arg) {","                    return typeof arg === 'string'","                        ? arg","                        : JSON.stringify(arg, null, 4);","                }).join(' ') + '\\n';","                // scroll textarea to bottom","                element.scrollTop = element.scrollHeight;","            };","        });","        // init event-handling","        ['change', 'click', 'keyup'].forEach(function (event) {","            Array.from(document.querySelectorAll('.on' + event)).forEach(function (element) {","                element.addEventListener(event, local.testRunBrowser);","            });","        });","        // run tests","        local.testRunBrowser();","        break;","","","","    // run node js-env code - post-init","    /* istanbul ignore next */","    case 'node':","        // export local","        module.exports = local;","        // require modules","        local.fs = require('fs');","        local.http = require('http');","        local.url = require('url');","        // init assets","        local.assetsDict = local.assetsDict || {};","        /* jslint-ignore-begin */","        local.assetsDict['/assets.index.template.html'] = '\\","<!doctype html>\\n\\","<html lang=\"en\">\\n\\","<head>\\n\\","<meta charset=\"UTF-8\">\\n\\","<meta name=\"viewport\" content=\"width=device-width, initial-scale=1\">\\n\\","<title>{{env.npm_package_name}} (v{{env.npm_package_version}})</title>\\n\\","<style>\\n\\","/*csslint\\n\\","    box-sizing: false,\\n\\","    universal-selector: false\\n\\","*/\\n\\","* {\\n\\","    box-sizing: border-box;\\n\\","}\\n\\","body {\\n\\","    background: #dde;\\n\\","    font-family: Arial, Helvetica, sans-serif;\\n\\","    margin: 2rem;\\n\\","}\\n\\","body > * {\\n\\","    margin-bottom: 1rem;\\n\\","}\\n\\",".utility2FooterDiv {\\n\\","    margin-top: 20px;\\n\\","    text-align: center;\\n\\","}\\n\\","</style>\\n\\","<style>\\n\\","/*csslint\\n\\","*/\\n\\","textarea {\\n\\","    font-family: monospace;\\n\\","    height: 10rem;\\n\\","    width: 100%;\\n\\","}\\n\\","textarea[readonly] {\\n\\","    background: #ddd;\\n\\","}\\n\\","</style>\\n\\","</head>\\n\\","<body>\\n\\","<!-- utility2-comment\\n\\","<div id=\"ajaxProgressDiv1\" style=\"background: #d00; height: 2px; left: 0; margin: 0; padding: 0; position: fixed; top: 0; transition: background 0.5s, width 1.5s; width: 25%;\"></div>\\n\\","utility2-comment -->\\n\\","<h1>\\n\\","<!-- utility2-comment\\n\\","    <a\\n\\","        {{#if env.npm_package_homepage}}\\n\\","        href=\"{{env.npm_package_homepage}}\"\\n\\","        {{/if env.npm_package_homepage}}\\n\\","        target=\"_blank\"\\n\\","    >\\n\\","utility2-comment -->\\n\\","        {{env.npm_package_name}} (v{{env.npm_package_version}})\\n\\","<!-- utility2-comment\\n\\","    </a>\\n\\","utility2-comment -->\\n\\","</h1>\\n\\","<h3>{{env.npm_package_description}}</h3>\\n\\","<!-- utility2-comment\\n\\","<h4><a download href=\"assets.app.js\">download standalone app</a></h4>\\n\\","<button class=\"onclick onreset\" id=\"testRunButton1\">run internal test</button><br>\\n\\","<div id=\"testReportDiv1\" style=\"display: none;\"></div>\\n\\","utility2-comment -->\\n\\","\\n\\","\\n\\","\\n\\","<label>stderr and stdout</label>\\n\\","<textarea class=\"resettable\" id=\"outputTextareaStdout1\" readonly></textarea>\\n\\","<!-- utility2-comment\\n\\","{{#if isRollup}}\\n\\","<script src=\"assets.app.js\"></script>\\n\\","{{#unless isRollup}}\\n\\","utility2-comment -->\\n\\","<script src=\"assets.utility2.rollup.js\"></script>\\n\\","<script src=\"jsonp.utility2._stateInit?callback=window.utility2._stateInit\"></script>\\n\\","<script src=\"assets.npmtest_wraith.rollup.js\"></script>\\n\\","<script src=\"assets.example.js\"></script>\\n\\","<script src=\"assets.test.js\"></script>\\n\\","<!-- utility2-comment\\n\\","{{/if isRollup}}\\n\\","utility2-comment -->\\n\\","<div class=\"utility2FooterDiv\">\\n\\","    [ this app was created with\\n\\","    <a href=\"https://github.com/kaizhu256/node-utility2\" target=\"_blank\">utility2</a>\\n\\","    ]\\n\\","</div>\\n\\","</body>\\n\\","</html>\\n\\","';","        /* jslint-ignore-end */","        if (local.templateRender) {","            local.assetsDict['/'] = local.templateRender(","                local.assetsDict['/assets.index.template.html'],","                {","                    env: local.objectSetDefault(local.env, {","                        npm_package_description: 'the greatest app in the world!',","                        npm_package_name: 'my-app',","                        npm_package_nameAlias: 'my_app',","                        npm_package_version: '0.0.1'","                    })","                }","            );","        } else {","            local.assetsDict['/'] = local.assetsDict['/assets.index.template.html']","                .replace((/\\{\\{env\\.(\\w+?)\\}\\}/g), function (match0, match1) {","                    // jslint-hack","                    String(match0);","                    switch (match1) {","                    case 'npm_package_description':","                        return 'the greatest app in the world!';","                    case 'npm_package_name':","                        return 'my-app';","                    case 'npm_package_nameAlias':","                        return 'my_app';","                    case 'npm_package_version':","                        return '0.0.1';","                    }","                });","        }","        // run the cli","        if (local.global.utility2_rollup || module !== require.main) {","            break;","        }","        local.assetsDict['/assets.example.js'] =","            local.assetsDict['/assets.example.js'] ||","            local.fs.readFileSync(__filename, 'utf8');","        local.assetsDict['/assets.npmtest_wraith.rollup.js'] =","            local.assetsDict['/assets.npmtest_wraith.rollup.js'] ||","            local.fs.readFileSync(","                // buildCustomOrg-hack","                local.npmtest_wraith.__dirname +","                    '/lib.npmtest_wraith.js',","                'utf8'","            ).replace((/^#!/), '//');","        local.assetsDict['/favicon.ico'] = local.assetsDict['/favicon.ico'] || '';","        // if $npm_config_timeout_exit exists,","        // then exit this process after $npm_config_timeout_exit ms","        if (Number(process.env.npm_config_timeout_exit)) {","            setTimeout(process.exit, Number(process.env.npm_config_timeout_exit));","        }","        // start server","        if (local.global.utility2_serverHttp1) {","            break;","        }","        process.env.PORT = process.env.PORT || '8081';","        console.error('server starting on port ' + process.env.PORT);","        local.http.createServer(function (request, response) {","            request.urlParsed = local.url.parse(request.url);","            if (local.assetsDict[request.urlParsed.pathname] !== undefined) {","                response.end(local.assetsDict[request.urlParsed.pathname]);","                return;","            }","            response.statusCode = 404;","            response.end();","        }).listen(process.env.PORT);","        break;","    }","}());",""],"l":{"26":2,"28":2,"33":2,"35":2,"37":2,"38":2,"39":2,"44":1,"51":2,"55":2,"59":2,"61":2,"69":1,"70":2,"76":2,"79":2,"82":2,"83":2,"85":1,"89":2,"92":1,"93":1,"94":1,"96":1,"97":1,"100":1,"101":1,"103":1,"106":1,"108":2,"114":1,"116":1,"118":1,"123":1,"124":2,"125":2,"126":3,"127":3,"128":3,"129":3,"130":1,"133":3,"134":3,"139":3,"143":1,"144":3,"145":1,"149":1,"150":1,"158":1,"160":1,"161":1,"162":1,"164":1,"166":1,"258":1,"259":1,"271":1,"274":6,"275":6,"277":1,"279":2,"281":1,"283":2,"288":1,"289":1,"291":1,"294":1,"302":1,"305":1,"306":1,"309":1,"310":1,"312":1,"313":1,"314":1,"315":1,"316":1,"317":1,"318":1,"320":1,"321":1,"323":1}},"/home/travis/build/npmtest/node-npmtest-wraith/node_modules/wraith/lib/wraith.js":{"path":"/home/travis/build/npmtest/node-npmtest-wraith/node_modules/wraith/lib/wraith.js","s":{"1":1,"2":1,"3":1,"4":1,"5":1,"6":1,"7":1,"8":1,"9":1,"10":1,"11":0,"12":0,"13":0,"14":0,"15":0,"16":0,"17":0,"18":0,"19":0,"20":0,"21":0,"22":0,"23":0,"24":0,"25":0,"26":1,"27":1,"28":0,"29":0,"30":0,"31":0,"32":0,"33":0,"34":0,"35":0,"36":0,"37":0,"38":0,"39":0,"40":0,"41":0,"42":0,"43":0,"44":0,"45":0,"46":0,"47":0,"48":0,"49":0,"50":0,"51":0,"52":0,"53":0,"54":0,"55":0,"56":0,"57":0,"58":0,"59":0,"60":0,"61":0,"62":0,"63":0,"64":0,"65":1,"66":0,"67":0,"68":0,"69":0,"70":0,"71":1,"72":0,"73":0,"74":0,"75":0,"76":0,"77":0,"78":0,"79":0,"80":0,"81":0,"82":0,"83":0,"84":0,"85":1,"86":0,"87":0,"88":0,"89":0,"90":0,"91":0,"92":0,"93":0,"94":0,"95":0,"96":0,"97":0,"98":0,"99":0,"100":0,"101":0,"102":0,"103":0,"104":0,"105":0,"106":0,"107":0,"108":0,"109":0,"110":0,"111":0,"112":0,"113":0,"114":0,"115":0,"116":0,"117":0,"118":0,"119":0,"120":0,"121":0,"122":0,"123":0,"124":0,"125":0,"126":0,"127":0,"128":0,"129":1,"130":0,"131":0,"132":0,"133":0,"134":0,"135":0,"136":0,"137":0,"138":0,"139":0,"140":0,"141":0,"142":0,"143":0,"144":0,"145":0,"146":0,"147":0,"148":0,"149":0,"150":0,"151":0,"152":0,"153":0,"154":0,"155":0,"156":0,"157":0,"158":0,"159":0,"160":0,"161":0,"162":0,"163":0,"164":1,"165":0,"166":0},"b":{"1":[0,0],"2":[0,0],"3":[0,0],"4":[0,0],"5":[0,0],"6":[0,0],"7":[0,0],"8":[0,0],"9":[0,0],"10":[0,0],"11":[0,0],"12":[0,0],"13":[0,0],"14":[0,0],"15":[0,0],"16":[0,0],"17":[0,0],"18":[0,0],"19":[0,0],"20":[0,0],"21":[0,0],"22":[0,0],"23":[0,0],"24":[0,0],"25":[0,0],"26":[0,0],"27":[0,0],"28":[0,0],"29":[0,0],"30":[0,0]},"f":{"1":0,"2":0,"3":0,"4":0,"5":0,"6":0,"7":0,"8":0,"9":0,"10":0,"11":0,"12":0,"13":0,"14":0,"15":0,"16":0,"17":0,"18":0,"19":0,"20":0},"fnMap":{"1":{"name":"Wraith","line":13,"loc":{"start":{"line":13,"column":0},"end":{"line":13,"column":28}}},"2":{"name":"(anonymous_2)","line":24,"loc":{"start":{"line":24,"column":51},"end":{"line":24,"column":62}}},"3":{"name":"(anonymous_3)","line":40,"loc":{"start":{"line":40,"column":26},"end":{"line":40,"column":43}}},"4":{"name":"(anonymous_4)","line":83,"loc":{"start":{"line":83,"column":19},"end":{"line":83,"column":40}}},"5":{"name":"(anonymous_5)","line":95,"loc":{"start":{"line":95,"column":25},"end":{"line":95,"column":36}}},"6":{"name":"(anonymous_6)","line":99,"loc":{"start":{"line":99,"column":40},"end":{"line":99,"column":52}}},"7":{"name":"(anonymous_7)","line":105,"loc":{"start":{"line":105,"column":33},"end":{"line":105,"column":44}}},"8":{"name":"(anonymous_8)","line":108,"loc":{"start":{"line":108,"column":23},"end":{"line":108,"column":50}}},"9":{"name":"(anonymous_9)","line":109,"loc":{"start":{"line":109,"column":17},"end":{"line":109,"column":32}}},"10":{"name":"(anonymous_10)","line":113,"loc":{"start":{"line":113,"column":4},"end":{"line":113,"column":18}}},"11":{"name":"(anonymous_11)","line":126,"loc":{"start":{"line":126,"column":35},"end":{"line":126,"column":47}}},"12":{"name":"(anonymous_12)","line":177,"loc":{"start":{"line":177,"column":55},"end":{"line":177,"column":80}}},"13":{"name":"(anonymous_13)","line":193,"loc":{"start":{"line":193,"column":5},"end":{"line":193,"column":19}}},"14":{"name":"(anonymous_14)","line":206,"loc":{"start":{"line":206,"column":4},"end":{"line":206,"column":18}}},"15":{"name":"(anonymous_15)","line":219,"loc":{"start":{"line":219,"column":38},"end":{"line":219,"column":49}}},"16":{"name":"(anonymous_16)","line":265,"loc":{"start":{"line":265,"column":57},"end":{"line":265,"column":82}}},"17":{"name":"(anonymous_17)","line":266,"loc":{"start":{"line":266,"column":92},"end":{"line":266,"column":107}}},"18":{"name":"(anonymous_18)","line":268,"loc":{"start":{"line":268,"column":59},"end":{"line":268,"column":73}}},"19":{"name":"(anonymous_19)","line":276,"loc":{"start":{"line":276,"column":4},"end":{"line":276,"column":18}}},"20":{"name":"(anonymous_20)","line":290,"loc":{"start":{"line":290,"column":35},"end":{"line":290,"column":46}}}},"statementMap":{"1":{"start":{"line":3,"column":0},"end":{"line":3,"column":29}},"2":{"start":{"line":4,"column":0},"end":{"line":4,"column":32}},"3":{"start":{"line":5,"column":0},"end":{"line":5,"column":33}},"4":{"start":{"line":6,"column":0},"end":{"line":6,"column":31}},"5":{"start":{"line":7,"column":0},"end":{"line":7,"column":43}},"6":{"start":{"line":8,"column":0},"end":{"line":8,"column":35}},"7":{"start":{"line":9,"column":0},"end":{"line":9,"column":36}},"8":{"start":{"line":10,"column":0},"end":{"line":10,"column":36}},"9":{"start":{"line":11,"column":0},"end":{"line":11,"column":35}},"10":{"start":{"line":13,"column":0},"end":{"line":36,"column":1}},"11":{"start":{"line":14,"column":1},"end":{"line":14,"column":18}},"12":{"start":{"line":15,"column":1},"end":{"line":15,"column":16}},"13":{"start":{"line":16,"column":1},"end":{"line":16,"column":26}},"14":{"start":{"line":18,"column":1},"end":{"line":34,"column":2}},"15":{"start":{"line":19,"column":2},"end":{"line":19,"column":22}},"16":{"start":{"line":20,"column":8},"end":{"line":34,"column":2}},"17":{"start":{"line":21,"column":2},"end":{"line":29,"column":3}},"18":{"start":{"line":22,"column":3},"end":{"line":22,"column":36}},"19":{"start":{"line":24,"column":3},"end":{"line":26,"column":6}},"20":{"start":{"line":25,"column":4},"end":{"line":25,"column":24}},"21":{"start":{"line":28,"column":3},"end":{"line":28,"column":23}},"22":{"start":{"line":31,"column":2},"end":{"line":31,"column":94}},"23":{"start":{"line":32,"column":2},"end":{"line":32,"column":18}},"24":{"start":{"line":33,"column":2},"end":{"line":33,"column":15}},"25":{"start":{"line":35,"column":1},"end":{"line":35,"column":13}},"26":{"start":{"line":38,"column":0},"end":{"line":38,"column":24}},"27":{"start":{"line":40,"column":0},"end":{"line":93,"column":2}},"28":{"start":{"line":42,"column":1},"end":{"line":42,"column":17}},"29":{"start":{"line":44,"column":1},"end":{"line":44,"column":26}},"30":{"start":{"line":45,"column":1},"end":{"line":45,"column":26}},"31":{"start":{"line":46,"column":1},"end":{"line":46,"column":52}},"32":{"start":{"line":47,"column":1},"end":{"line":47,"column":55}},"33":{"start":{"line":48,"column":1},"end":{"line":48,"column":51}},"34":{"start":{"line":49,"column":1},"end":{"line":49,"column":44}},"35":{"start":{"line":50,"column":1},"end":{"line":50,"column":26}},"36":{"start":{"line":51,"column":1},"end":{"line":51,"column":26}},"37":{"start":{"line":52,"column":1},"end":{"line":52,"column":45}},"38":{"start":{"line":54,"column":1},"end":{"line":58,"column":2}},"39":{"start":{"line":55,"column":2},"end":{"line":55,"column":27}},"40":{"start":{"line":57,"column":2},"end":{"line":57,"column":65}},"41":{"start":{"line":60,"column":1},"end":{"line":63,"column":2}},"42":{"start":{"line":61,"column":2},"end":{"line":61,"column":64}},"43":{"start":{"line":62,"column":2},"end":{"line":62,"column":74}},"44":{"start":{"line":65,"column":1},"end":{"line":69,"column":2}},"45":{"start":{"line":66,"column":2},"end":{"line":66,"column":34}},"46":{"start":{"line":67,"column":2},"end":{"line":67,"column":18}},"47":{"start":{"line":68,"column":2},"end":{"line":68,"column":15}},"48":{"start":{"line":71,"column":1},"end":{"line":74,"column":2}},"49":{"start":{"line":72,"column":2},"end":{"line":72,"column":98}},"50":{"start":{"line":73,"column":2},"end":{"line":73,"column":25}},"51":{"start":{"line":76,"column":1},"end":{"line":92,"column":2}},"52":{"start":{"line":77,"column":2},"end":{"line":77,"column":28}},"53":{"start":{"line":78,"column":2},"end":{"line":78,"column":15}},"54":{"start":{"line":79,"column":2},"end":{"line":79,"column":14}},"55":{"start":{"line":81,"column":2},"end":{"line":81,"column":72}},"56":{"start":{"line":82,"column":2},"end":{"line":82,"column":39}},"57":{"start":{"line":83,"column":2},"end":{"line":91,"column":5}},"58":{"start":{"line":84,"column":3},"end":{"line":84,"column":26}},"59":{"start":{"line":84,"column":14},"end":{"line":84,"column":24}},"60":{"start":{"line":85,"column":3},"end":{"line":88,"column":4}},"61":{"start":{"line":86,"column":4},"end":{"line":86,"column":68}},"62":{"start":{"line":87,"column":4},"end":{"line":87,"column":26}},"63":{"start":{"line":89,"column":3},"end":{"line":89,"column":16}},"64":{"start":{"line":90,"column":3},"end":{"line":90,"column":15}},"65":{"start":{"line":95,"column":0},"end":{"line":103,"column":2}},"66":{"start":{"line":96,"column":1},"end":{"line":96,"column":17}},"67":{"start":{"line":97,"column":1},"end":{"line":97,"column":46}},"68":{"start":{"line":99,"column":1},"end":{"line":102,"column":4}},"69":{"start":{"line":100,"column":2},"end":{"line":100,"column":23}},"70":{"start":{"line":101,"column":2},"end":{"line":101,"column":14}},"71":{"start":{"line":105,"column":0},"end":{"line":124,"column":2}},"72":{"start":{"line":106,"column":1},"end":{"line":106,"column":17}},"73":{"start":{"line":108,"column":1},"end":{"line":123,"column":4}},"74":{"start":{"line":109,"column":2},"end":{"line":112,"column":5}},"75":{"start":{"line":110,"column":3},"end":{"line":110,"column":26}},"76":{"start":{"line":110,"column":14},"end":{"line":110,"column":24}},"77":{"start":{"line":111,"column":3},"end":{"line":111,"column":14}},"78":{"start":{"line":114,"column":2},"end":{"line":122,"column":3}},"79":{"start":{"line":115,"column":3},"end":{"line":115,"column":57}},"80":{"start":{"line":116,"column":3},"end":{"line":116,"column":19}},"81":{"start":{"line":117,"column":3},"end":{"line":117,"column":15}},"82":{"start":{"line":119,"column":3},"end":{"line":119,"column":51}},"83":{"start":{"line":120,"column":3},"end":{"line":120,"column":26}},"84":{"start":{"line":121,"column":3},"end":{"line":121,"column":15}},"85":{"start":{"line":126,"column":0},"end":{"line":217,"column":2}},"86":{"start":{"line":127,"column":1},"end":{"line":127,"column":28}},"87":{"start":{"line":128,"column":1},"end":{"line":128,"column":28}},"88":{"start":{"line":129,"column":1},"end":{"line":129,"column":26}},"89":{"start":{"line":130,"column":1},"end":{"line":130,"column":26}},"90":{"start":{"line":131,"column":1},"end":{"line":131,"column":28}},"91":{"start":{"line":132,"column":1},"end":{"line":132,"column":28}},"92":{"start":{"line":133,"column":1},"end":{"line":133,"column":28}},"93":{"start":{"line":135,"column":1},"end":{"line":167,"column":2}},"94":{"start":{"line":136,"column":2},"end":{"line":150,"column":3}},"95":{"start":{"line":137,"column":3},"end":{"line":149,"column":4}},"96":{"start":{"line":138,"column":4},"end":{"line":138,"column":58}},"97":{"start":{"line":139,"column":4},"end":{"line":139,"column":101}},"98":{"start":{"line":140,"column":4},"end":{"line":148,"column":5}},"99":{"start":{"line":141,"column":5},"end":{"line":141,"column":87}},"100":{"start":{"line":142,"column":5},"end":{"line":147,"column":8}},"101":{"start":{"line":152,"column":2},"end":{"line":166,"column":3}},"102":{"start":{"line":153,"column":3},"end":{"line":165,"column":4}},"103":{"start":{"line":154,"column":4},"end":{"line":154,"column":53}},"104":{"start":{"line":155,"column":4},"end":{"line":155,"column":96}},"105":{"start":{"line":156,"column":4},"end":{"line":164,"column":5}},"106":{"start":{"line":157,"column":5},"end":{"line":157,"column":77}},"107":{"start":{"line":158,"column":5},"end":{"line":163,"column":8}},"108":{"start":{"line":169,"column":1},"end":{"line":169,"column":32}},"109":{"start":{"line":171,"column":1},"end":{"line":171,"column":17}},"110":{"start":{"line":172,"column":1},"end":{"line":174,"column":2}},"111":{"start":{"line":173,"column":2},"end":{"line":173,"column":88}},"112":{"start":{"line":176,"column":1},"end":{"line":176,"column":34}},"113":{"start":{"line":177,"column":1},"end":{"line":216,"column":4}},"114":{"start":{"line":178,"column":2},"end":{"line":204,"column":5}},"115":{"start":{"line":194,"column":3},"end":{"line":203,"column":4}},"116":{"start":{"line":195,"column":4},"end":{"line":195,"column":35}},"117":{"start":{"line":196,"column":4},"end":{"line":196,"column":19}},"118":{"start":{"line":197,"column":4},"end":{"line":197,"column":16}},"119":{"start":{"line":199,"column":4},"end":{"line":201,"column":5}},"120":{"start":{"line":200,"column":5},"end":{"line":200,"column":16}},"121":{"start":{"line":202,"column":4},"end":{"line":202,"column":15}},"122":{"start":{"line":207,"column":2},"end":{"line":215,"column":3}},"123":{"start":{"line":208,"column":3},"end":{"line":208,"column":56}},"124":{"start":{"line":209,"column":3},"end":{"line":209,"column":19}},"125":{"start":{"line":210,"column":3},"end":{"line":210,"column":15}},"126":{"start":{"line":212,"column":3},"end":{"line":212,"column":35}},"127":{"start":{"line":213,"column":3},"end":{"line":213,"column":29}},"128":{"start":{"line":214,"column":3},"end":{"line":214,"column":15}},"129":{"start":{"line":219,"column":0},"end":{"line":288,"column":2}},"130":{"start":{"line":220,"column":1},"end":{"line":220,"column":24}},"131":{"start":{"line":221,"column":1},"end":{"line":221,"column":22}},"132":{"start":{"line":223,"column":1},"end":{"line":227,"column":2}},"133":{"start":{"line":224,"column":2},"end":{"line":224,"column":60}},"134":{"start":{"line":226,"column":2},"end":{"line":226,"column":50}},"135":{"start":{"line":229,"column":1},"end":{"line":229,"column":24}},"136":{"start":{"line":231,"column":1},"end":{"line":246,"column":2}},"137":{"start":{"line":232,"column":2},"end":{"line":232,"column":65}},"138":{"start":{"line":233,"column":2},"end":{"line":233,"column":49}},"139":{"start":{"line":234,"column":2},"end":{"line":245,"column":3}},"140":{"start":{"line":235,"column":3},"end":{"line":243,"column":5}},"141":{"start":{"line":244,"column":3},"end":{"line":244,"column":32}},"142":{"start":{"line":248,"column":1},"end":{"line":257,"column":4}},"143":{"start":{"line":259,"column":1},"end":{"line":259,"column":17}},"144":{"start":{"line":260,"column":1},"end":{"line":262,"column":2}},"145":{"start":{"line":261,"column":2},"end":{"line":261,"column":92}},"146":{"start":{"line":264,"column":1},"end":{"line":264,"column":30}},"147":{"start":{"line":265,"column":1},"end":{"line":287,"column":4}},"148":{"start":{"line":266,"column":2},"end":{"line":275,"column":5}},"149":{"start":{"line":267,"column":3},"end":{"line":267,"column":70}},"150":{"start":{"line":268,"column":3},"end":{"line":274,"column":6}},"151":{"start":{"line":269,"column":4},"end":{"line":269,"column":31}},"152":{"start":{"line":269,"column":14},"end":{"line":269,"column":29}},"153":{"start":{"line":270,"column":4},"end":{"line":272,"column":5}},"154":{"start":{"line":271,"column":5},"end":{"line":271,"column":16}},"155":{"start":{"line":273,"column":4},"end":{"line":273,"column":15}},"156":{"start":{"line":277,"column":2},"end":{"line":286,"column":3}},"157":{"start":{"line":278,"column":3},"end":{"line":278,"column":16}},"158":{"start":{"line":279,"column":3},"end":{"line":279,"column":52}},"159":{"start":{"line":280,"column":3},"end":{"line":280,"column":19}},"160":{"start":{"line":281,"column":3},"end":{"line":281,"column":15}},"161":{"start":{"line":283,"column":3},"end":{"line":283,"column":40}},"162":{"start":{"line":284,"column":3},"end":{"line":284,"column":26}},"163":{"start":{"line":285,"column":3},"end":{"line":285,"column":15}},"164":{"start":{"line":290,"column":0},"end":{"line":293,"column":2}},"165":{"start":{"line":291,"column":1},"end":{"line":291,"column":17}},"166":{"start":{"line":292,"column":1},"end":{"line":292,"column":97}}},"branchMap":{"1":{"line":18,"type":"if","locations":[{"start":{"line":18,"column":1},"end":{"line":18,"column":1}},{"start":{"line":18,"column":1},"end":{"line":18,"column":1}}]},"2":{"line":18,"type":"binary-expr","locations":[{"start":{"line":18,"column":4},"end":{"line":18,"column":16}},{"start":{"line":18,"column":20},"end":{"line":18,"column":43}}]},"3":{"line":20,"type":"if","locations":[{"start":{"line":20,"column":8},"end":{"line":20,"column":8}},{"start":{"line":20,"column":8},"end":{"line":20,"column":8}}]},"4":{"line":20,"type":"binary-expr","locations":[{"start":{"line":20,"column":11},"end":{"line":20,"column":24}},{"start":{"line":20,"column":28},"end":{"line":20,"column":48}}]},"5":{"line":21,"type":"if","locations":[{"start":{"line":21,"column":2},"end":{"line":21,"column":2}},{"start":{"line":21,"column":2},"end":{"line":21,"column":2}}]},"6":{"line":46,"type":"binary-expr","locations":[{"start":{"line":46,"column":23},"end":{"line":46,"column":39}},{"start":{"line":46,"column":43},"end":{"line":46,"column":51}}]},"7":{"line":47,"type":"binary-expr","locations":[{"start":{"line":47,"column":23},"end":{"line":47,"column":37}},{"start":{"line":47,"column":41},"end":{"line":47,"column":54}}]},"8":{"line":48,"type":"binary-expr","locations":[{"start":{"line":48,"column":23},"end":{"line":48,"column":44}},{"start":{"line":48,"column":48},"end":{"line":48,"column":50}}]},"9":{"line":49,"type":"binary-expr","locations":[{"start":{"line":49,"column":23},"end":{"line":49,"column":37}},{"start":{"line":49,"column":41},"end":{"line":49,"column":43}}]},"10":{"line":52,"type":"binary-expr","locations":[{"start":{"line":52,"column":23},"end":{"line":52,"column":35}},{"start":{"line":52,"column":39},"end":{"line":52,"column":44}}]},"11":{"line":54,"type":"if","locations":[{"start":{"line":54,"column":1},"end":{"line":54,"column":1}},{"start":{"line":54,"column":1},"end":{"line":54,"column":1}}]},"12":{"line":54,"type":"binary-expr","locations":[{"start":{"line":54,"column":4},"end":{"line":54,"column":39}},{"start":{"line":54,"column":43},"end":{"line":54,"column":66}}]},"13":{"line":65,"type":"if","locations":[{"start":{"line":65,"column":1},"end":{"line":65,"column":1}},{"start":{"line":65,"column":1},"end":{"line":65,"column":1}}]},"14":{"line":65,"type":"binary-expr","locations":[{"start":{"line":65,"column":4},"end":{"line":65,"column":26}},{"start":{"line":65,"column":30},"end":{"line":65,"column":55}}]},"15":{"line":76,"type":"if","locations":[{"start":{"line":76,"column":1},"end":{"line":76,"column":1}},{"start":{"line":76,"column":1},"end":{"line":76,"column":1}}]},"16":{"line":76,"type":"binary-expr","locations":[{"start":{"line":76,"column":5},"end":{"line":76,"column":17}},{"start":{"line":76,"column":21},"end":{"line":76,"column":44}}]},"17":{"line":84,"type":"if","locations":[{"start":{"line":84,"column":3},"end":{"line":84,"column":3}},{"start":{"line":84,"column":3},"end":{"line":84,"column":3}}]},"18":{"line":110,"type":"if","locations":[{"start":{"line":110,"column":3},"end":{"line":110,"column":3}},{"start":{"line":110,"column":3},"end":{"line":110,"column":3}}]},"19":{"line":114,"type":"if","locations":[{"start":{"line":114,"column":2},"end":{"line":114,"column":2}},{"start":{"line":114,"column":2},"end":{"line":114,"column":2}}]},"20":{"line":135,"type":"if","locations":[{"start":{"line":135,"column":1},"end":{"line":135,"column":1}},{"start":{"line":135,"column":1},"end":{"line":135,"column":1}}]},"21":{"line":172,"type":"if","locations":[{"start":{"line":172,"column":1},"end":{"line":172,"column":1}},{"start":{"line":172,"column":1},"end":{"line":172,"column":1}}]},"22":{"line":194,"type":"if","locations":[{"start":{"line":194,"column":3},"end":{"line":194,"column":3}},{"start":{"line":194,"column":3},"end":{"line":194,"column":3}}]},"23":{"line":199,"type":"if","locations":[{"start":{"line":199,"column":4},"end":{"line":199,"column":4}},{"start":{"line":199,"column":4},"end":{"line":199,"column":4}}]},"24":{"line":207,"type":"if","locations":[{"start":{"line":207,"column":2},"end":{"line":207,"column":2}},{"start":{"line":207,"column":2},"end":{"line":207,"column":2}}]},"25":{"line":223,"type":"if","locations":[{"start":{"line":223,"column":1},"end":{"line":223,"column":1}},{"start":{"line":223,"column":1},"end":{"line":223,"column":1}}]},"26":{"line":236,"type":"cond-expr","locations":[{"start":{"line":236,"column":24},"end":{"line":236,"column":29}},{"start":{"line":236,"column":32},"end":{"line":236,"column":38}}]},"27":{"line":260,"type":"if","locations":[{"start":{"line":260,"column":1},"end":{"line":260,"column":1}},{"start":{"line":260,"column":1},"end":{"line":260,"column":1}}]},"28":{"line":269,"type":"if","locations":[{"start":{"line":269,"column":4},"end":{"line":269,"column":4}},{"start":{"line":269,"column":4},"end":{"line":269,"column":4}}]},"29":{"line":270,"type":"if","locations":[{"start":{"line":270,"column":4},"end":{"line":270,"column":4}},{"start":{"line":270,"column":4},"end":{"line":270,"column":4}}]},"30":{"line":277,"type":"if","locations":[{"start":{"line":277,"column":2},"end":{"line":277,"column":2}},{"start":{"line":277,"column":2},"end":{"line":277,"column":2}}]}},"code":["'use strict';","","var fs       = require('fs');","var async    = require('async');","var mkdirp   = require('mkdirp');","var path     = require('path');","var resemble = require('node-resemble-js');","var progress = require('progress');","var gallery  = require('./gallery');","var helpers  = require('./helpers');","var log      = require('./logger');","","function Wraith(config, cb) {","\tvar self  = this;","\tself.cb   = cb;","\tlog.quiet = config.quiet;","","\tif(config.paths && config.paths.length > 0) {","\t\tself.config(config);","\t} else if(config.spider && config.spider !== '') {","\t\tif(!fs.existsSync(config.spider)) {","\t\t\tvar spider = require('./spider');","","\t\t\tspider.spider(config.domains[0], config.spider, function() {","\t\t\t\tself.config(config);","\t\t\t});","\t\t} else {","\t\t\tself.config(config);","\t\t}","\t} else {","\t\tlog.error('You must specify either a list of pages or a location to store the spider file');","\t\tprocess.exit(1);","\t\treturn false;","\t}","\treturn true;","}","","module.exports = Wraith;","","Wraith.prototype.config = function(config) {","","\tvar self = this;","","\tself.domains        = [];","\tself.domainLabels   = [];","\tself.outputFolder   = config.outputDir || 'shots/';","\tself.engines        = config.engines || ['phantomjs'];","\tself.maxConnections = config.maxConnections || 20;","\tself.project        = config.project || '';","\tself.sizes          = [];","\tself.dirs           = [];","\tself.quiet          = config.quiet || false;","","\tif(typeof config.paths !== 'undefined' && config.paths.length > 0 ) {","\t\tself.urls = config.paths;","\t} else {","\t\tself.urls = fs.readFileSync(config.spider, 'utf8').split('\\n');","\t}","","\tfor(var domain in config.domains) {","\t\tself.domains.push(config.domains[domain].replace(/\\/+$/, ''));","\t\tself.domainLabels.push(config.domains[domain].replace(/.*?:\\/\\//g, ''));","\t}","","\tif(self.urls.length === 0 || self.domains.length === 0) {","\t\tlog.error('No url(s) provided');","\t\tprocess.exit(1);","\t\treturn false;","\t}","","\tfor(var url in self.urls) {","\t\tvar folder = path.join(self.outputFolder, self.urls[url].substring(1).replace(/\\/+$/,'') + '/');","\t\tself.dirs.push(folder);","\t}","","\tif( config.sizes && config.sizes.length > 0 ) {","\t\tself.sizes = config.sizes;","\t\tself.clean();","\t\treturn self;","\t} else {","\t\tlog.info('No sizes defined, using most popular from w3counter stats');","\t\tvar w3counter = require('w3counter');","\t\tw3counter('res', function (err, data) {","\t\t\tif (err) { throw err; }","\t\t\tfor(var val in data) {","\t\t\t\tvar size = data[val].item.slice(0, data[val].item.indexOf('x'));","\t\t\t\tself.sizes.push(size);","\t\t\t}","\t\t\tself.clean();","\t\t\treturn self;","\t\t});","\t}","};","","Wraith.prototype.clean = function() {","\tvar self = this;","\tlog.info('Cleaned up old folders and files');","","\thelpers.emptyFolder(self.outputFolder, function () {","\t\tself.createFolders();","\t\treturn self;","\t});","};","","Wraith.prototype.createFolders = function() {","\tvar self = this;","","\tasync.each(self.dirs, function(folder, callback) {","\t\tmkdirp(folder, function (err) {","\t\t\tif (err) { throw err; }","\t\t\tcallback();","\t\t});","\t}, function(err) {","\t\tif( err ) {","\t\t\tlog.error('An error occurred during folder creation');","\t\t\tprocess.exit(1);","\t\t\treturn self;","\t\t} else {","\t\t\tlog.success('New folders created successfully');","\t\t\tself.takeScreenshots();","\t\t\treturn self;","\t\t}","\t});","};","","Wraith.prototype.takeScreenshots = function () {","\tvar self            = this;","\tvar url             = null;","\tvar imageUrls       = [];","\tvar screenshotQueue = [];","\tvar size            = null;","\tvar image           = null;","\tvar folder          = null;","","\tif( self.engines.length === 1 ) {","\t\tfor(var domain in self.domains) {","\t\t\tfor(url in self.urls) {","\t\t\t\timageUrls.push(self.domains[domain] + self.urls[url]);","\t\t\t\tself.folder = path.join(self.outputFolder, self.urls[url].substring(1).replace(/\\/+$/,'') + '/');","\t\t\t\tfor(size in self.sizes) {","\t\t\t\t\timage = self.folder + self.domainLabels[domain] + '_' + self.sizes[size] + '.png';","\t\t\t\t\tscreenshotQueue.push({","\t\t\t\t\t\tengine: self.engines[0],","\t\t\t\t\t\turl: self.domains[domain] + self.urls[url],","\t\t\t\t\t\tsize: self.sizes[size],","\t\t\t\t\t\toutput: image","\t\t\t\t\t});","\t\t\t\t}","\t\t\t}","\t\t}","\t} else {","\t\tfor(url in self.urls) {","\t\t\tfor(var engine in self.engines) {","\t\t\t\timageUrls.push(self.domains[0] + self.urls[url]);","\t\t\t\tfolder = path.join(self.outputFolder, self.urls[url].substring(1).replace(/\\/+$/,'') + '/');","\t\t\t\tfor(size in self.sizes) {","\t\t\t\t\timage = folder + self.engines[engine] + '_' + self.sizes[size] + '.png';","\t\t\t\t\tscreenshotQueue.push({","\t\t\t\t\t\tengine: self.engines[engine],","\t\t\t\t\t\turl: self.domains[0] + self.urls[url],","\t\t\t\t\t\tsize: self.sizes[size],","\t\t\t\t\t\toutput: image","\t\t\t\t\t});","\t\t\t\t}","\t\t\t}","\t\t}","\t}","","\tlog.info('Taking screenshots');","","\tvar bar = false;","\tif(!this.quiet) {","\t\tbar = new progress(':bar :elapseds :current/:total', {total: screenshotQueue.length});","\t}","","\tvar webshot = require('webshot');","\tasync.eachLimit(screenshotQueue, self.maxConnections, function(task, callback) {","\t\twebshot(task.url, task.output, {","\t\t\twindowSize: {","\t\t\t\twidth:  task.size,","\t\t\t\theight: 300","\t\t\t},","\t\t\tshotSize: {","\t\t\t\twidth:  task.size,","\t\t\t\theight: 'all'","\t\t\t},","\t\t\tdefaultWhiteBackground: true,","\t\t\tphantomPath: task.engine,","\t\t\tphantomConfig: {","\t\t\t\t'debug':       'false',","\t\t\t\t'load-images': 'true'","\t\t\t}","\t\t}, function(err) {","\t\t\tif( err ) {","\t\t\t\tlog.error('An error occurred');","\t\t\t\tlog.error(err);","\t\t\t\treturn self;","\t\t\t} else {","\t\t\t\tif(bar) {","\t\t\t\t\tbar.tick();","\t\t\t\t}","\t\t\t\tcallback();","\t\t\t}","\t\t});","","\t}, function(err) {","\t\tif( err ) {","\t\t\tlog.error('An error occurred during screenshotting');","\t\t\tprocess.exit(1);","\t\t\treturn self;","\t\t} else {","\t\t\tlog.success('Screenshots done');","\t\t\tself.compareScreenshots();","\t\t\treturn self;","\t\t}","\t});","};","","Wraith.prototype.compareScreenshots = function() {","\tvar self        = this;","\tvar fileLabels  = [];","","\tif( self.engines.length === 1 ) {","\t\tfileLabels = [self.domainLabels[0], self.domainLabels[1]];","\t} else {","\t\tfileLabels = [self.engines[0], self.engines[1]];","\t}","","\tself.compareQueue = [];","","\tfor(var url in self.urls) {","\t\tvar dir = self.urls[url].substring(1).replace(/\\/+$/,'') + '/';","\t\tvar folder = path.join(self.outputFolder, dir);","\t\tfor(var size in self.sizes) {","\t\t\tvar item = {","\t\t\t\t'dir': ( size > 0 ? false : folder),","\t\t\t\t'sort': folder + size,","\t\t\t\t'base': folder + fileLabels[0]  + '_' + self.sizes[size] + '.png',","\t\t\t\t'compare': folder + fileLabels[1] + '_' + self.sizes[size] + '.png',","\t\t\t\t'output': folder + self.sizes[size] + '_diff.png',","\t\t\t\t'diff': folder +  self.sizes[size] + '_diff.txt',","\t\t\t\t'size': self.sizes[size]","\t\t\t};","\t\t\tself.compareQueue.push(item);","\t\t}","\t}","","\tresemble.outputSettings({","\t\terrorColor: {","\t\t\tred: 200,","\t\t\tgreen: 0,","\t\t\tblue: 0","\t\t},","\t\terrorType: 'movementWithDistanceBasedIntensity',","\t\ttransparency: 0.4,","\t\tlargeImageThreshold: 0","\t});","","\tvar bar = false;","\tif(!this.quiet) {","\t\tbar = new progress(':bar :elapseds :current/:total', { total: self.compareQueue.length });","\t}","","\tlog.info('Comparing images');","\tasync.eachLimit(self.compareQueue, self.maxConnections, function(task, callback) {","\t\tresemble('./' + task.base).compareTo('./' + task.compare).ignoreAntialiasing().onComplete(function(data) {","\t\t\tdata.getDiffImage().pack().pipe(fs.createWriteStream(task.output));","\t\t\tfs.writeFile('./' + task.diff, data.misMatchPercentage, function(err) {","\t\t\t\tif(err) { log.error(err); }","\t\t\t\tif(bar) {","\t\t\t\t\tbar.tick();","\t\t\t\t}","\t\t\t\tcallback();","\t\t\t});","\t\t});","\t}, function(err) {","\t\tif( err ) {","\t\t\tlog.log(err);","\t\t\tlog.error('An error occurred during comparison');","\t\t\tprocess.exit(1);","\t\t\treturn self;","\t\t} else {","\t\t\tlog.success('Image comparison done');","\t\t\tself.generateGallery();","\t\t\treturn self;","\t\t}","\t});","};","","Wraith.prototype.generateGallery = function() {","\tvar self = this;","\tgallery.generate(self.dirs, self.compareQueue, self.outputFolder, self.config.project, self.cb);","};",""],"l":{"3":1,"4":1,"5":1,"6":1,"7":1,"8":1,"9":1,"10":1,"11":1,"13":1,"14":0,"15":0,"16":0,"18":0,"19":0,"20":0,"21":0,"22":0,"24":0,"25":0,"28":0,"31":0,"32":0,"33":0,"35":0,"38":1,"40":1,"42":0,"44":0,"45":0,"46":0,"47":0,"48":0,"49":0,"50":0,"51":0,"52":0,"54":0,"55":0,"57":0,"60":0,"61":0,"62":0,"65":0,"66":0,"67":0,"68":0,"71":0,"72":0,"73":0,"76":0,"77":0,"78":0,"79":0,"81":0,"82":0,"83":0,"84":0,"85":0,"86":0,"87":0,"89":0,"90":0,"95":1,"96":0,"97":0,"99":0,"100":0,"101":0,"105":1,"106":0,"108":0,"109":0,"110":0,"111":0,"114":0,"115":0,"116":0,"117":0,"119":0,"120":0,"121":0,"126":1,"127":0,"128":0,"129":0,"130":0,"131":0,"132":0,"133":0,"135":0,"136":0,"137":0,"138":0,"139":0,"140":0,"141":0,"142":0,"152":0,"153":0,"154":0,"155":0,"156":0,"157":0,"158":0,"169":0,"171":0,"172":0,"173":0,"176":0,"177":0,"178":0,"194":0,"195":0,"196":0,"197":0,"199":0,"200":0,"202":0,"207":0,"208":0,"209":0,"210":0,"212":0,"213":0,"214":0,"219":1,"220":0,"221":0,"223":0,"224":0,"226":0,"229":0,"231":0,"232":0,"233":0,"234":0,"235":0,"244":0,"248":0,"259":0,"260":0,"261":0,"264":0,"265":0,"266":0,"267":0,"268":0,"269":0,"270":0,"271":0,"273":0,"277":0,"278":0,"279":0,"280":0,"281":0,"283":0,"284":0,"285":0,"290":1,"291":0,"292":0}},"/home/travis/build/npmtest/node-npmtest-wraith/node_modules/wraith/lib/gallery.js":{"path":"/home/travis/build/npmtest/node-npmtest-wraith/node_modules/wraith/lib/gallery.js","s":{"1":1,"2":1,"3":1,"4":1,"5":1,"6":1,"7":0,"8":0,"9":0,"10":0,"11":0,"12":0,"13":0,"14":0,"15":0,"16":0,"17":0,"18":0,"19":0,"20":0,"21":0,"22":0,"23":0,"24":0,"25":0},"b":{"1":[0,0],"2":[0,0],"3":[0,0]},"f":{"1":0,"2":0,"3":0,"4":0,"5":0,"6":0,"7":0},"fnMap":{"1":{"name":"(anonymous_1)","line":9,"loc":{"start":{"line":9,"column":26},"end":{"line":9,"column":78}}},"2":{"name":"(anonymous_2)","line":16,"loc":{"start":{"line":16,"column":13},"end":{"line":16,"column":24}}},"3":{"name":"(anonymous_3)","line":17,"loc":{"start":{"line":17,"column":10},"end":{"line":17,"column":33}}},"4":{"name":"(anonymous_4)","line":22,"loc":{"start":{"line":22,"column":14},"end":{"line":22,"column":25}}},"5":{"name":"(anonymous_5)","line":23,"loc":{"start":{"line":23,"column":10},"end":{"line":23,"column":33}}},"6":{"name":"(anonymous_6)","line":31,"loc":{"start":{"line":31,"column":23},"end":{"line":31,"column":44}}},"7":{"name":"(anonymous_7)","line":34,"loc":{"start":{"line":34,"column":61},"end":{"line":34,"column":75}}}},"statementMap":{"1":{"start":{"line":3,"column":0},"end":{"line":3,"column":29}},"2":{"start":{"line":4,"column":0},"end":{"line":4,"column":31}},"3":{"start":{"line":5,"column":0},"end":{"line":5,"column":35}},"4":{"start":{"line":6,"column":0},"end":{"line":6,"column":36}},"5":{"start":{"line":7,"column":0},"end":{"line":7,"column":35}},"6":{"start":{"line":9,"column":0},"end":{"line":43,"column":2}},"7":{"start":{"line":10,"column":1},"end":{"line":10,"column":60}},"8":{"start":{"line":11,"column":1},"end":{"line":11,"column":57}},"9":{"start":{"line":12,"column":1},"end":{"line":29,"column":3}},"10":{"start":{"line":17,"column":3},"end":{"line":20,"column":5}},"11":{"start":{"line":18,"column":4},"end":{"line":18,"column":32}},"12":{"start":{"line":19,"column":4},"end":{"line":19,"column":86}},"13":{"start":{"line":23,"column":3},"end":{"line":27,"column":5}},"14":{"start":{"line":24,"column":4},"end":{"line":24,"column":32}},"15":{"start":{"line":25,"column":4},"end":{"line":25,"column":95}},"16":{"start":{"line":26,"column":4},"end":{"line":26,"column":31}},"17":{"start":{"line":31,"column":1},"end":{"line":42,"column":4}},"18":{"start":{"line":32,"column":2},"end":{"line":32,"column":25}},"19":{"start":{"line":32,"column":13},"end":{"line":32,"column":23}},"20":{"start":{"line":33,"column":2},"end":{"line":33,"column":54}},"21":{"start":{"line":34,"column":2},"end":{"line":41,"column":5}},"22":{"start":{"line":35,"column":3},"end":{"line":40,"column":4}},"23":{"start":{"line":36,"column":4},"end":{"line":36,"column":19}},"24":{"start":{"line":38,"column":4},"end":{"line":38,"column":37}},"25":{"start":{"line":39,"column":4},"end":{"line":39,"column":9}}},"branchMap":{"1":{"line":26,"type":"cond-expr","locations":[{"start":{"line":26,"column":20},"end":{"line":26,"column":26}},{"start":{"line":26,"column":29},"end":{"line":26,"column":30}}]},"2":{"line":32,"type":"if","locations":[{"start":{"line":32,"column":2},"end":{"line":32,"column":2}},{"start":{"line":32,"column":2},"end":{"line":32,"column":2}}]},"3":{"line":35,"type":"if","locations":[{"start":{"line":35,"column":3},"end":{"line":35,"column":3}},{"start":{"line":35,"column":3},"end":{"line":35,"column":3}}]}},"code":["'use strict';","","var fs       = require('fs');","var path     = require('path');","var mustache = require('mustache');","var helpers  = require('./helpers');","var log      = require('./logger');","","module.exports.generate = function(dirs, compareList, outputDir, project, cb) {","\tcompareList = compareList.sort(helpers.sortByProp('sort'));","\tvar template = path.join(__dirname, '/../gallery.html');","\tvar view = {","\t\t'images' : compareList,","\t\t'dirs': dirs.sort(),","\t\t'project': project,","\t\t'resolve': function() {","\t\t\treturn function(text, render) {","\t\t\t\tvar rendered = render(text);","\t\t\t\treturn rendered.replace(/&#x2F;/g, '/').replace(outputDir, '').replace(/^\\//, '');","\t\t\t};","\t\t},","\t\t'contents': function() {","\t\t\treturn function(text, render) {","\t\t\t\tvar rendered = render(text);","\t\t\t\tvar output = fs.readFileSync(rendered.replace(/&#x2F;/g, '/').replace(/\\/\\//g,'/'),'utf8');","\t\t\t\treturn output ? output : 0;","\t\t\t};","\t\t}","\t};","","\tfs.readFile(template, function (err, data) {","\t\tif (err) { throw err; }","\t\tvar output = mustache.render(data.toString(), view);","\t\tfs.writeFile(path.join(outputDir, 'gallery.html'), output, function(err) {","\t\t\tif(err) {","\t\t\t\tlog.error(err);","\t\t\t} else {","\t\t\t\tlog.success('Gallery generated');","\t\t\t\tcb();","\t\t\t}","\t\t});","\t});","};"],"l":{"3":1,"4":1,"5":1,"6":1,"7":1,"9":1,"10":0,"11":0,"12":0,"17":0,"18":0,"19":0,"23":0,"24":0,"25":0,"26":0,"31":0,"32":0,"33":0,"34":0,"35":0,"36":0,"38":0,"39":0}},"/home/travis/build/npmtest/node-npmtest-wraith/node_modules/wraith/lib/helpers.js":{"path":"/home/travis/build/npmtest/node-npmtest-wraith/node_modules/wraith/lib/helpers.js","s":{"1":1,"2":0,"3":0,"4":0,"5":0,"6":0,"7":0,"8":1,"9":0,"10":0,"11":0,"12":0,"13":0,"14":0,"15":0,"16":0},"b":{"1":[0,0],"2":[0,0],"3":[0,0],"4":[0,0]},"f":{"1":0,"2":0,"3":0,"4":0},"fnMap":{"1":{"name":"(anonymous_1)","line":3,"loc":{"start":{"line":3,"column":28},"end":{"line":3,"column":43}}},"2":{"name":"(anonymous_2)","line":4,"loc":{"start":{"line":4,"column":8},"end":{"line":4,"column":22}}},"3":{"name":"(anonymous_3)","line":14,"loc":{"start":{"line":14,"column":29},"end":{"line":14,"column":50}}},"4":{"name":"(anonymous_4)","line":18,"loc":{"start":{"line":18,"column":16},"end":{"line":18,"column":30}}}},"statementMap":{"1":{"start":{"line":3,"column":0},"end":{"line":12,"column":2}},"2":{"start":{"line":4,"column":1},"end":{"line":11,"column":3}},"3":{"start":{"line":5,"column":2},"end":{"line":9,"column":3}},"4":{"start":{"line":6,"column":3},"end":{"line":6,"column":12}},"5":{"start":{"line":7,"column":9},"end":{"line":9,"column":3}},"6":{"start":{"line":8,"column":3},"end":{"line":8,"column":13}},"7":{"start":{"line":10,"column":2},"end":{"line":10,"column":11}},"8":{"start":{"line":14,"column":0},"end":{"line":23,"column":2}},"9":{"start":{"line":15,"column":1},"end":{"line":15,"column":53}},"10":{"start":{"line":15,"column":38},"end":{"line":15,"column":51}},"11":{"start":{"line":17,"column":1},"end":{"line":17,"column":32}},"12":{"start":{"line":18,"column":1},"end":{"line":21,"column":4}},"13":{"start":{"line":19,"column":2},"end":{"line":19,"column":26}},"14":{"start":{"line":19,"column":14},"end":{"line":19,"column":24}},"15":{"start":{"line":20,"column":2},"end":{"line":20,"column":7}},"16":{"start":{"line":22,"column":1},"end":{"line":22,"column":13}}},"branchMap":{"1":{"line":5,"type":"if","locations":[{"start":{"line":5,"column":2},"end":{"line":5,"column":2}},{"start":{"line":5,"column":2},"end":{"line":5,"column":2}}]},"2":{"line":7,"type":"if","locations":[{"start":{"line":7,"column":9},"end":{"line":7,"column":9}},{"start":{"line":7,"column":9},"end":{"line":7,"column":9}}]},"3":{"line":15,"type":"if","locations":[{"start":{"line":15,"column":1},"end":{"line":15,"column":1}},{"start":{"line":15,"column":1},"end":{"line":15,"column":1}}]},"4":{"line":19,"type":"if","locations":[{"start":{"line":19,"column":2},"end":{"line":19,"column":2}},{"start":{"line":19,"column":2},"end":{"line":19,"column":2}}]}},"code":["'use strict';","","module.exports.sortByProp = function(prop) {","\treturn function(a,b) {","\t\tif(a[prop] > b[prop]) {","\t\t\treturn 1;","\t\t} else if( a[prop] < b[prop] ) {","\t\t\treturn -1;","\t\t}","\t\treturn 0;","\t};","};","","module.exports.emptyFolder = function(folder, cb) {","\tif(typeof(folder) === 'undefined') { return false; }","","\tvar rimraf = require('rimraf');","\trimraf(folder, function(err) {","\t\tif( err ) { throw err; }","\t\tcb();","\t});","\treturn true;","};",""],"l":{"3":1,"4":0,"5":0,"6":0,"7":0,"8":0,"10":0,"14":1,"15":0,"17":0,"18":0,"19":0,"20":0,"22":0}},"/home/travis/build/npmtest/node-npmtest-wraith/node_modules/wraith/lib/logger.js":{"path":"/home/travis/build/npmtest/node-npmtest-wraith/node_modules/wraith/lib/logger.js","s":{"1":1,"2":1,"3":1,"4":0,"5":1,"6":0,"7":1,"8":0,"9":1,"10":0,"11":1,"12":0,"13":1,"14":0,"15":0,"16":0,"17":0,"18":0,"19":0,"20":0,"21":0,"22":0,"23":0,"24":0,"25":0,"26":0,"27":0},"b":{"1":[0,0,0,0],"2":[0,0],"3":[0,0],"4":[0,0]},"f":{"1":0,"2":0,"3":0,"4":0,"5":0,"6":0},"fnMap":{"1":{"name":"(anonymous_1)","line":6,"loc":{"start":{"line":6,"column":16},"end":{"line":6,"column":36}}},"2":{"name":"(anonymous_2)","line":10,"loc":{"start":{"line":10,"column":15},"end":{"line":10,"column":35}}},"3":{"name":"(anonymous_3)","line":14,"loc":{"start":{"line":14,"column":18},"end":{"line":14,"column":38}}},"4":{"name":"(anonymous_4)","line":18,"loc":{"start":{"line":18,"column":15},"end":{"line":18,"column":35}}},"5":{"name":"(anonymous_5)","line":22,"loc":{"start":{"line":22,"column":14},"end":{"line":22,"column":34}}},"6":{"name":"(anonymous_6)","line":26,"loc":{"start":{"line":26,"column":17},"end":{"line":26,"column":44}}}},"statementMap":{"1":{"start":{"line":3,"column":0},"end":{"line":3,"column":34}},"2":{"start":{"line":4,"column":0},"end":{"line":4,"column":40}},"3":{"start":{"line":6,"column":0},"end":{"line":8,"column":2}},"4":{"start":{"line":7,"column":1},"end":{"line":7,"column":58}},"5":{"start":{"line":10,"column":0},"end":{"line":12,"column":2}},"6":{"start":{"line":11,"column":1},"end":{"line":11,"column":59}},"7":{"start":{"line":14,"column":0},"end":{"line":16,"column":2}},"8":{"start":{"line":15,"column":1},"end":{"line":15,"column":62}},"9":{"start":{"line":18,"column":0},"end":{"line":20,"column":2}},"10":{"start":{"line":19,"column":1},"end":{"line":19,"column":56}},"11":{"start":{"line":22,"column":0},"end":{"line":24,"column":2}},"12":{"start":{"line":23,"column":1},"end":{"line":23,"column":31}},"13":{"start":{"line":26,"column":0},"end":{"line":49,"column":2}},"14":{"start":{"line":27,"column":1},"end":{"line":27,"column":19}},"15":{"start":{"line":28,"column":1},"end":{"line":41,"column":2}},"16":{"start":{"line":30,"column":3},"end":{"line":30,"column":26}},"17":{"start":{"line":31,"column":3},"end":{"line":31,"column":9}},"18":{"start":{"line":33,"column":3},"end":{"line":33,"column":29}},"19":{"start":{"line":34,"column":3},"end":{"line":34,"column":9}},"20":{"start":{"line":36,"column":3},"end":{"line":36,"column":27}},"21":{"start":{"line":37,"column":3},"end":{"line":37,"column":9}},"22":{"start":{"line":39,"column":3},"end":{"line":39,"column":28}},"23":{"start":{"line":40,"column":3},"end":{"line":40,"column":9}},"24":{"start":{"line":42,"column":1},"end":{"line":48,"column":2}},"25":{"start":{"line":43,"column":2},"end":{"line":47,"column":3}},"26":{"start":{"line":44,"column":3},"end":{"line":44,"column":27}},"27":{"start":{"line":46,"column":3},"end":{"line":46,"column":20}}},"branchMap":{"1":{"line":28,"type":"switch","locations":[{"start":{"line":29,"column":2},"end":{"line":31,"column":9}},{"start":{"line":32,"column":2},"end":{"line":34,"column":9}},{"start":{"line":35,"column":2},"end":{"line":37,"column":9}},{"start":{"line":38,"column":2},"end":{"line":40,"column":9}}]},"2":{"line":42,"type":"if","locations":[{"start":{"line":42,"column":1},"end":{"line":42,"column":1}},{"start":{"line":42,"column":1},"end":{"line":42,"column":1}}]},"3":{"line":42,"type":"binary-expr","locations":[{"start":{"line":42,"column":4},"end":{"line":42,"column":9}},{"start":{"line":42,"column":13},"end":{"line":42,"column":24}}]},"4":{"line":43,"type":"if","locations":[{"start":{"line":43,"column":2},"end":{"line":43,"column":2}},{"start":{"line":43,"column":2},"end":{"line":43,"column":2}}]}},"code":["'use strict';","","var chalk      = require('chalk');","var logSymbols = require('log-symbols');","","exports.error = function(msg, hide) {","\tthis.logger('error', logSymbols.error + ' ' + msg, hide);","};","","exports.warn = function(msg, hide) {","\tthis.logger('warn', logSymbols.warning + ' ' + msg, hide);","};","","exports.success = function(msg, hide) {","\tthis.logger('success', logSymbols.success + ' ' + msg, hide);","};","","exports.info = function(msg, hide) {","\tthis.logger('info', logSymbols.info + ' ' + msg, hide);","};","","exports.log = function(msg, hide) {","\tthis.logger('log', msg, hide);","};","","exports.logger = function(level, msg, hide) {","\tvar color = false;","\tswitch(level) {","\t\tcase 'error':","\t\t\tcolor = chalk.red.bold;","\t\t\tbreak;","\t\tcase 'warn':","\t\t\tcolor = chalk.yellow.bold;","\t\t\tbreak;","\t\tcase 'info':","\t\t\tcolor = chalk.blue.bold;","\t\t\tbreak;","\t\tcase 'success':","\t\t\tcolor = chalk.green.bold;","\t\t\tbreak;","\t}","\tif(!hide && !this.quiet) {","\t\tif(color) {","\t\t\tconsole.log(color(msg));","\t\t} else {","\t\t\tconsole.log(msg);","\t\t}","\t}","};",""],"l":{"3":1,"4":1,"6":1,"7":0,"10":1,"11":0,"14":1,"15":0,"18":1,"19":0,"22":1,"23":0,"26":1,"27":0,"28":0,"30":0,"31":0,"33":0,"34":0,"36":0,"37":0,"39":0,"40":0,"42":0,"43":0,"44":0,"46":0}},"/home/travis/build/npmtest/node-npmtest-wraith/node_modules/wraith/lib/spider.js":{"path":"/home/travis/build/npmtest/node-npmtest-wraith/node_modules/wraith/lib/spider.js","s":{"1":1,"2":1,"3":1,"4":1,"5":1,"6":0,"7":0,"8":0,"9":0,"10":0,"11":0,"12":0,"13":0,"14":0,"15":0,"16":0,"17":0,"18":0,"19":0,"20":0,"21":0,"22":0,"23":0,"24":0,"25":0,"26":0,"27":0,"28":0,"29":0,"30":0,"31":0,"32":0,"33":0},"b":{"1":[0,0],"2":[0,0],"3":[0,0],"4":[0,0],"5":[0,0],"6":[0,0]},"f":{"1":0,"2":0,"3":0,"4":0},"fnMap":{"1":{"name":"(anonymous_1)","line":8,"loc":{"start":{"line":8,"column":24},"end":{"line":8,"column":54}}},"2":{"name":"(anonymous_2)","line":12,"loc":{"start":{"line":12,"column":51},"end":{"line":12,"column":72}}},"3":{"name":"(anonymous_3)","line":38,"loc":{"start":{"line":38,"column":19},"end":{"line":38,"column":34}}},"4":{"name":"(anonymous_4)","line":40,"loc":{"start":{"line":40,"column":28},"end":{"line":40,"column":42}}}},"statementMap":{"1":{"start":{"line":3,"column":0},"end":{"line":3,"column":27}},"2":{"start":{"line":4,"column":0},"end":{"line":4,"column":31}},"3":{"start":{"line":5,"column":0},"end":{"line":5,"column":30}},"4":{"start":{"line":6,"column":0},"end":{"line":6,"column":33}},"5":{"start":{"line":8,"column":0},"end":{"line":54,"column":2}},"6":{"start":{"line":10,"column":1},"end":{"line":10,"column":41}},"7":{"start":{"line":12,"column":1},"end":{"line":53,"column":4}},"8":{"start":{"line":14,"column":2},"end":{"line":17,"column":3}},"9":{"start":{"line":15,"column":3},"end":{"line":15,"column":38}},"10":{"start":{"line":16,"column":3},"end":{"line":16,"column":10}},"11":{"start":{"line":19,"column":2},"end":{"line":19,"column":23}},"12":{"start":{"line":20,"column":2},"end":{"line":20,"column":23}},"13":{"start":{"line":21,"column":2},"end":{"line":21,"column":33}},"14":{"start":{"line":23,"column":2},"end":{"line":29,"column":3}},"15":{"start":{"line":24,"column":3},"end":{"line":24,"column":23}},"16":{"start":{"line":25,"column":3},"end":{"line":25,"column":118}},"17":{"start":{"line":26,"column":3},"end":{"line":28,"column":4}},"18":{"start":{"line":27,"column":4},"end":{"line":27,"column":40}},"19":{"start":{"line":31,"column":2},"end":{"line":31,"column":19}},"20":{"start":{"line":33,"column":2},"end":{"line":52,"column":3}},"21":{"start":{"line":34,"column":3},"end":{"line":34,"column":33}},"22":{"start":{"line":35,"column":3},"end":{"line":35,"column":17}},"23":{"start":{"line":36,"column":3},"end":{"line":36,"column":31}},"24":{"start":{"line":38,"column":3},"end":{"line":48,"column":6}},"25":{"start":{"line":39,"column":4},"end":{"line":39,"column":27}},"26":{"start":{"line":39,"column":15},"end":{"line":39,"column":25}},"27":{"start":{"line":40,"column":4},"end":{"line":47,"column":7}},"28":{"start":{"line":41,"column":5},"end":{"line":46,"column":6}},"29":{"start":{"line":42,"column":6},"end":{"line":42,"column":21}},"30":{"start":{"line":44,"column":6},"end":{"line":44,"column":46}},"31":{"start":{"line":45,"column":6},"end":{"line":45,"column":17}},"32":{"start":{"line":50,"column":3},"end":{"line":50,"column":30}},"33":{"start":{"line":51,"column":3},"end":{"line":51,"column":19}}},"branchMap":{"1":{"line":14,"type":"if","locations":[{"start":{"line":14,"column":2},"end":{"line":14,"column":2}},{"start":{"line":14,"column":2},"end":{"line":14,"column":2}}]},"2":{"line":26,"type":"if","locations":[{"start":{"line":26,"column":3},"end":{"line":26,"column":3}},{"start":{"line":26,"column":3},"end":{"line":26,"column":3}}]},"3":{"line":26,"type":"binary-expr","locations":[{"start":{"line":26,"column":6},"end":{"line":26,"column":29}},{"start":{"line":26,"column":33},"end":{"line":26,"column":56}}]},"4":{"line":33,"type":"if","locations":[{"start":{"line":33,"column":2},"end":{"line":33,"column":2}},{"start":{"line":33,"column":2},"end":{"line":33,"column":2}}]},"5":{"line":39,"type":"if","locations":[{"start":{"line":39,"column":4},"end":{"line":39,"column":4}},{"start":{"line":39,"column":4},"end":{"line":39,"column":4}}]},"6":{"line":41,"type":"if","locations":[{"start":{"line":41,"column":5},"end":{"line":41,"column":5}},{"start":{"line":41,"column":5},"end":{"line":41,"column":5}}]}},"code":["'use strict';","","var fs     = require('fs');","var mkdirp = require('mkdirp');","var crawl  = require('crawl');","var log    = require('./logger');","","module.exports.spider = function(url, file, callback) {","","\tlog.log('Crawl of ' + url + ' started');","","\tcrawl.crawl(url, { headers: false, body: false }, function(err, pages) {","","\t\tif (err) {","\t\t\tlog.error('An error occured', err);","\t\t\treturn;","\t\t}","","\t\tvar txt         = '';","\t\tvar link        = '';","\t\tvar pagesLength = pages.length;","","\t\tfor(var i = 0; i<pagesLength; i++) {","\t\t\tlink = pages[i].url;","\t\t\tvar excPattern = new RegExp('.(css|js|jpg|jpeg|png|pdf|doc|xls|xlsx|ppt|txt|gif|swf|svg|ttf|otf|woff|json|xml)+$');","\t\t\tif(link.indexOf(url) === 0 && !link.match(excPattern)) {","\t\t\t\ttxt += link.replace(url, '') + '\\n';","\t\t\t}","\t\t}","","\t\ttxt = txt.trim();","","\t\tif(txt.length > 0) {","\t\t\tvar folders = file.split('/');","\t\t\tfolders.pop();","\t\t\tfolders = folders.join('/');","","\t\t\tmkdirp(folders, function (err) {","\t\t\t\tif (err) { throw err; }","\t\t\t\tfs.writeFile(file, txt, function(err) {","\t\t\t\t\tif(err) {","\t\t\t\t\t\tlog.error(err);","\t\t\t\t\t} else {","\t\t\t\t\t\tlog.log('Spider file saved to ' + file);","\t\t\t\t\t\tcallback();","\t\t\t\t\t}","\t\t\t\t});","\t\t\t});","\t\t} else {","\t\t\tlog.error('No urls found');","\t\t\tprocess.exit(1);","\t\t}","\t});","};",""],"l":{"3":1,"4":1,"5":1,"6":1,"8":1,"10":0,"12":0,"14":0,"15":0,"16":0,"19":0,"20":0,"21":0,"23":0,"24":0,"25":0,"26":0,"27":0,"31":0,"33":0,"34":0,"35":0,"36":0,"38":0,"39":0,"40":0,"41":0,"42":0,"44":0,"45":0,"50":0,"51":0}}}